11/12/2011 20:32:59 (Std) 	+-+-+-+-+-+-+-+-+-+-+-+-+-+-+-+-+-+-+-+-+-+-+-+-+-+-+-+-+-+-+-+-+-+-+-+-+-+-+-+
11/12/2011 20:32:59 (Std) 	+                     Crazy Eddie's GUI System - Event log                    +
11/12/2011 20:32:59 (Std) 	+                          (http://www.cegui.org.uk/)                         +
11/12/2011 20:32:59 (Std) 	+-+-+-+-+-+-+-+-+-+-+-+-+-+-+-+-+-+-+-+-+-+-+-+-+-+-+-+-+-+-+-+-+-+-+-+-+-+-+-+

11/12/2011 20:32:59 (Std) 	CEGUI::Logger singleton created. (01F0ADA0)
11/12/2011 20:32:59 (Std) 	
11/12/2011 20:32:59 (Std) 	********************************************************************************
11/12/2011 20:32:59 (Std) 	* Important:                                                                   *
11/12/2011 20:32:59 (Std) 	*     To get support at the CEGUI forums, you must post _at least_ the section *
11/12/2011 20:32:59 (Std) 	*     of this log file indicated below.  Failure to do this will result in no  *
11/12/2011 20:32:59 (Std) 	*     support being given; please do not waste our time.                       *
11/12/2011 20:32:59 (Std) 	********************************************************************************
11/12/2011 20:32:59 (Std) 	********************************************************************************
11/12/2011 20:32:59 (Std) 	* -------- START OF ESSENTIAL SECTION TO BE POSTED ON THE FORUM       -------- *
11/12/2011 20:32:59 (Std) 	********************************************************************************
11/12/2011 20:32:59 (Std) 	---- Version 0.7.5 (Build: Oct 16 2011 Microsoft Windows MSVC++ 10.0 32 bit) ----
11/12/2011 20:32:59 (Std) 	---- Renderer module is: CEGUI::OgreRenderer - Official OGRE based 2nd generation renderer module. ----
11/12/2011 20:32:59 (Std) 	---- XML Parser module is: CEGUI::ExpatParser - Official expat based parser module for CEGUI ----
11/12/2011 20:32:59 (Std) 	---- Image Codec module is: OgreImageCodec - Integrated ImageCodec using the Ogre engine. ----
11/12/2011 20:32:59 (Std) 	---- Scripting module is: None ----
11/12/2011 20:32:59 (Std) 	********************************************************************************
11/12/2011 20:32:59 (Std) 	* -------- END OF ESSENTIAL SECTION TO BE POSTED ON THE FORUM         -------- *
11/12/2011 20:32:59 (Std) 	********************************************************************************
11/12/2011 20:32:59 (Std) 	
11/12/2011 20:32:59 (Std) 	---- Begining CEGUI System initialisation ----
11/12/2011 20:32:59 (Std) 	CEGUI::ImagesetManager singleton created (01EA6378)
11/12/2011 20:32:59 (Std) 	CEGUI::FontManager singleton created. (01EE62F0)
11/12/2011 20:32:59 (Std) 	CEGUI::WindowFactoryManager singleton created
11/12/2011 20:32:59 (Std) 	CEGUI::WindowManager singleton created (01E94F58)
11/12/2011 20:32:59 (Std) 	CEGUI::SchemeManager singleton created. (01F0BD90)
11/12/2011 20:32:59 (Std) 	CEGUI::MouseCursor singleton created. (01EF7F58)
11/12/2011 20:32:59 (Std) 	CEGUI::GlobalEventSet singleton created. (01EA5390)
11/12/2011 20:32:59 (Std) 	CEGUI::AnimationManager singleton created (01EBE348)
11/12/2011 20:32:59 (Std) 	CEGUI::WidgetLookManager singleton created. (01EBBB70)
11/12/2011 20:32:59 (Std) 	CEGUI::WindowRendererManager singleton created (01EBCF20)
11/12/2011 20:32:59 (Std) 	CEGUI::RenderEffectManager singleton created (01EA5610)
11/12/2011 20:32:59 (Std) 	Created WindowFactory for 'DefaultWindow' windows.
11/12/2011 20:32:59 (Std) 	WindowFactory for 'DefaultWindow' windows added. (01F0BE60)
11/12/2011 20:32:59 (Std) 	Created WindowFactory for 'DragContainer' windows.
11/12/2011 20:32:59 (Std) 	WindowFactory for 'DragContainer' windows added. (01F0B510)
11/12/2011 20:32:59 (Std) 	Created WindowFactory for 'ScrolledContainer' windows.
11/12/2011 20:32:59 (Std) 	WindowFactory for 'ScrolledContainer' windows added. (01EE6570)
11/12/2011 20:32:59 (Std) 	Created WindowFactory for 'ClippedContainer' windows.
11/12/2011 20:32:59 (Std) 	WindowFactory for 'ClippedContainer' windows added. (01EF7FE8)
11/12/2011 20:32:59 (Std) 	Created WindowFactory for 'CEGUI/Checkbox' windows.
11/12/2011 20:32:59 (Std) 	WindowFactory for 'CEGUI/Checkbox' windows added. (01EF8090)
11/12/2011 20:32:59 (Std) 	Created WindowFactory for 'CEGUI/PushButton' windows.
11/12/2011 20:32:59 (Std) 	WindowFactory for 'CEGUI/PushButton' windows added. (01EF8138)
11/12/2011 20:32:59 (Std) 	Created WindowFactory for 'CEGUI/RadioButton' windows.
11/12/2011 20:32:59 (Std) 	WindowFactory for 'CEGUI/RadioButton' windows added. (01EF81E0)
11/12/2011 20:32:59 (Std) 	Created WindowFactory for 'CEGUI/Combobox' windows.
11/12/2011 20:32:59 (Std) 	WindowFactory for 'CEGUI/Combobox' windows added. (01EF8288)
11/12/2011 20:32:59 (Std) 	Created WindowFactory for 'CEGUI/ComboDropList' windows.
11/12/2011 20:32:59 (Std) 	WindowFactory for 'CEGUI/ComboDropList' windows added. (01EF8330)
11/12/2011 20:32:59 (Std) 	Created WindowFactory for 'CEGUI/Editbox' windows.
11/12/2011 20:32:59 (Std) 	WindowFactory for 'CEGUI/Editbox' windows added. (01EF83D8)
11/12/2011 20:32:59 (Std) 	Created WindowFactory for 'CEGUI/FrameWindow' windows.
11/12/2011 20:32:59 (Std) 	WindowFactory for 'CEGUI/FrameWindow' windows added. (01EF8480)
11/12/2011 20:32:59 (Std) 	Created WindowFactory for 'CEGUI/ItemEntry' windows.
11/12/2011 20:32:59 (Std) 	WindowFactory for 'CEGUI/ItemEntry' windows added. (01EF8528)
11/12/2011 20:32:59 (Std) 	Created WindowFactory for 'CEGUI/Listbox' windows.
11/12/2011 20:32:59 (Std) 	WindowFactory for 'CEGUI/Listbox' windows added. (01EF85D0)
11/12/2011 20:32:59 (Std) 	Created WindowFactory for 'CEGUI/ListHeader' windows.
11/12/2011 20:32:59 (Std) 	WindowFactory for 'CEGUI/ListHeader' windows added. (01EF8678)
11/12/2011 20:32:59 (Std) 	Created WindowFactory for 'CEGUI/ListHeaderSegment' windows.
11/12/2011 20:32:59 (Std) 	WindowFactory for 'CEGUI/ListHeaderSegment' windows added. (01EF8720)
11/12/2011 20:32:59 (Std) 	Created WindowFactory for 'CEGUI/Menubar' windows.
11/12/2011 20:32:59 (Std) 	WindowFactory for 'CEGUI/Menubar' windows added. (01EF87C8)
11/12/2011 20:32:59 (Std) 	Created WindowFactory for 'CEGUI/PopupMenu' windows.
11/12/2011 20:32:59 (Std) 	WindowFactory for 'CEGUI/PopupMenu' windows added. (01EF8870)
11/12/2011 20:32:59 (Std) 	Created WindowFactory for 'CEGUI/MenuItem' windows.
11/12/2011 20:32:59 (Std) 	WindowFactory for 'CEGUI/MenuItem' windows added. (01EF8918)
11/12/2011 20:32:59 (Std) 	Created WindowFactory for 'CEGUI/MultiColumnList' windows.
11/12/2011 20:32:59 (Std) 	WindowFactory for 'CEGUI/MultiColumnList' windows added. (01EF89C0)
11/12/2011 20:32:59 (Std) 	Created WindowFactory for 'CEGUI/MultiLineEditbox' windows.
11/12/2011 20:32:59 (Std) 	WindowFactory for 'CEGUI/MultiLineEditbox' windows added. (01EF8A68)
11/12/2011 20:32:59 (Std) 	Created WindowFactory for 'CEGUI/ProgressBar' windows.
11/12/2011 20:32:59 (Std) 	WindowFactory for 'CEGUI/ProgressBar' windows added. (01EF8B10)
11/12/2011 20:32:59 (Std) 	Created WindowFactory for 'CEGUI/ScrollablePane' windows.
11/12/2011 20:32:59 (Std) 	WindowFactory for 'CEGUI/ScrollablePane' windows added. (01EF8BB8)
11/12/2011 20:32:59 (Std) 	Created WindowFactory for 'CEGUI/Scrollbar' windows.
11/12/2011 20:32:59 (Std) 	WindowFactory for 'CEGUI/Scrollbar' windows added. (01EF8C60)
11/12/2011 20:32:59 (Std) 	Created WindowFactory for 'CEGUI/Slider' windows.
11/12/2011 20:32:59 (Std) 	WindowFactory for 'CEGUI/Slider' windows added. (01EF8D08)
11/12/2011 20:32:59 (Std) 	Created WindowFactory for 'CEGUI/Spinner' windows.
11/12/2011 20:32:59 (Std) 	WindowFactory for 'CEGUI/Spinner' windows added. (01EF8DB0)
11/12/2011 20:32:59 (Std) 	Created WindowFactory for 'CEGUI/TabButton' windows.
11/12/2011 20:32:59 (Std) 	WindowFactory for 'CEGUI/TabButton' windows added. (01EF8E58)
11/12/2011 20:32:59 (Std) 	Created WindowFactory for 'CEGUI/TabControl' windows.
11/12/2011 20:32:59 (Std) 	WindowFactory for 'CEGUI/TabControl' windows added. (01EF8F00)
11/12/2011 20:32:59 (Std) 	Created WindowFactory for 'CEGUI/Thumb' windows.
11/12/2011 20:32:59 (Std) 	WindowFactory for 'CEGUI/Thumb' windows added. (01EF8FA8)
11/12/2011 20:32:59 (Std) 	Created WindowFactory for 'CEGUI/Titlebar' windows.
11/12/2011 20:32:59 (Std) 	WindowFactory for 'CEGUI/Titlebar' windows added. (01EF9050)
11/12/2011 20:32:59 (Std) 	Created WindowFactory for 'CEGUI/Tooltip' windows.
11/12/2011 20:32:59 (Std) 	WindowFactory for 'CEGUI/Tooltip' windows added. (01EF90F8)
11/12/2011 20:32:59 (Std) 	Created WindowFactory for 'CEGUI/ItemListbox' windows.
11/12/2011 20:32:59 (Std) 	WindowFactory for 'CEGUI/ItemListbox' windows added. (01EF91A0)
11/12/2011 20:32:59 (Std) 	Created WindowFactory for 'CEGUI/GroupBox' windows.
11/12/2011 20:32:59 (Std) 	WindowFactory for 'CEGUI/GroupBox' windows added. (01EF9248)
11/12/2011 20:32:59 (Std) 	Created WindowFactory for 'CEGUI/Tree' windows.
11/12/2011 20:32:59 (Std) 	WindowFactory for 'CEGUI/Tree' windows added. (01EF92F0)
11/12/2011 20:32:59 (Std) 	Created WindowFactory for 'HorizontalLayoutContainer' windows.
11/12/2011 20:32:59 (Std) 	WindowFactory for 'HorizontalLayoutContainer' windows added. (01EF9398)
11/12/2011 20:32:59 (Std) 	Created WindowFactory for 'VerticalLayoutContainer' windows.
11/12/2011 20:32:59 (Std) 	WindowFactory for 'VerticalLayoutContainer' windows added. (01EF9440)
11/12/2011 20:32:59 (Std) 	Created WindowFactory for 'GridLayoutContainer' windows.
11/12/2011 20:32:59 (Std) 	WindowFactory for 'GridLayoutContainer' windows added. (01EF94E8)
11/12/2011 20:32:59 (Std) 	Window type alias named 'DefaultGUISheet' added for window type 'DefaultWindow'.
11/12/2011 20:32:59 (Std) 	CEGUI::System singleton created. (01F0AB30)
11/12/2011 20:32:59 (Std) 	---- CEGUI System initialisation completed ----
11/12/2011 20:32:59 (Std) 	
11/12/2011 20:32:59 (Std) 	Started creation of Scheme from XML specification:
11/12/2011 20:32:59 (Std) 	---- CEGUI GUIScheme name: TaharezLook
11/12/2011 20:32:59 (Std) 	Started creation of Imageset from XML specification:
11/12/2011 20:32:59 (Std) 	---- CEGUI Imageset name: TaharezLook
11/12/2011 20:32:59 (Std) 	---- Source texture file: TaharezLook.tga in resource group: (Default)
11/12/2011 20:32:59 (Std) 	Started creation of Font from XML specification:
11/12/2011 20:32:59 (Std) 	---- CEGUI font name: DejaVuSans-10
11/12/2011 20:32:59 (Std) 	----       Font type: FreeType
11/12/2011 20:32:59 (Std) 	----     Source file: DejaVuSans.ttf in resource group: (Default)
11/12/2011 20:32:59 (Std) 	---- Real point size: 10
11/12/2011 20:32:59 (Std) 	===== Falagard 'root' element: look and feel parsing begins =====
11/12/2011 20:32:59 (Std) 	===== Look and feel parsing completed =====
11/12/2011 20:32:59 (Std) 	No window renderer factories specified for module 'CEGUIFalagardWRBase' - adding all available factories...
11/12/2011 20:32:59 (Std) 	Created WindowRendererFactory for 'Falagard/Button' WindowRenderers.
11/12/2011 20:32:59 (Std) 	WindowRendererFactory 'Falagard/Button' added. (01EF9980)
11/12/2011 20:32:59 (Std) 	Created WindowRendererFactory for 'Falagard/Default' WindowRenderers.
11/12/2011 20:32:59 (Std) 	WindowRendererFactory 'Falagard/Default' added. (01EF9E18)
11/12/2011 20:32:59 (Std) 	Created WindowRendererFactory for 'Falagard/Editbox' WindowRenderers.
11/12/2011 20:32:59 (Std) 	WindowRendererFactory 'Falagard/Editbox' added. (07FD3EC8)
11/12/2011 20:32:59 (Std) 	Created WindowRendererFactory for 'Falagard/FrameWindow' WindowRenderers.
11/12/2011 20:32:59 (Std) 	WindowRendererFactory 'Falagard/FrameWindow' added. (07FD3F70)
11/12/2011 20:32:59 (Std) 	Created WindowRendererFactory for 'Falagard/ItemEntry' WindowRenderers.
11/12/2011 20:32:59 (Std) 	WindowRendererFactory 'Falagard/ItemEntry' added. (07FD4018)
11/12/2011 20:32:59 (Std) 	Created WindowRendererFactory for 'Falagard/ListHeader' WindowRenderers.
11/12/2011 20:32:59 (Std) 	WindowRendererFactory 'Falagard/ListHeader' added. (07FD40C0)
11/12/2011 20:32:59 (Std) 	Created WindowRendererFactory for 'Falagard/ListHeaderSegment' WindowRenderers.
11/12/2011 20:32:59 (Std) 	WindowRendererFactory 'Falagard/ListHeaderSegment' added. (07FD4168)
11/12/2011 20:32:59 (Std) 	Created WindowRendererFactory for 'Falagard/Listbox' WindowRenderers.
11/12/2011 20:32:59 (Std) 	WindowRendererFactory 'Falagard/Listbox' added. (07FD4210)
11/12/2011 20:32:59 (Std) 	Created WindowRendererFactory for 'Falagard/Menubar' WindowRenderers.
11/12/2011 20:32:59 (Std) 	WindowRendererFactory 'Falagard/Menubar' added. (07FD42B8)
11/12/2011 20:32:59 (Std) 	Created WindowRendererFactory for 'Falagard/MenuItem' WindowRenderers.
11/12/2011 20:32:59 (Std) 	WindowRendererFactory 'Falagard/MenuItem' added. (07FD4360)
11/12/2011 20:32:59 (Std) 	Created WindowRendererFactory for 'Falagard/MultiColumnList' WindowRenderers.
11/12/2011 20:32:59 (Std) 	WindowRendererFactory 'Falagard/MultiColumnList' added. (07FD4408)
11/12/2011 20:32:59 (Std) 	Created WindowRendererFactory for 'Falagard/MultiLineEditbox' WindowRenderers.
11/12/2011 20:32:59 (Std) 	WindowRendererFactory 'Falagard/MultiLineEditbox' added. (07FD44B0)
11/12/2011 20:32:59 (Std) 	Created WindowRendererFactory for 'Falagard/PopupMenu' WindowRenderers.
11/12/2011 20:32:59 (Std) 	WindowRendererFactory 'Falagard/PopupMenu' added. (07FD4558)
11/12/2011 20:32:59 (Std) 	Created WindowRendererFactory for 'Falagard/ProgressBar' WindowRenderers.
11/12/2011 20:32:59 (Std) 	WindowRendererFactory 'Falagard/ProgressBar' added. (07FD4600)
11/12/2011 20:32:59 (Std) 	Created WindowRendererFactory for 'Falagard/ScrollablePane' WindowRenderers.
11/12/2011 20:32:59 (Std) 	WindowRendererFactory 'Falagard/ScrollablePane' added. (07FD46A8)
11/12/2011 20:32:59 (Std) 	Created WindowRendererFactory for 'Falagard/Scrollbar' WindowRenderers.
11/12/2011 20:32:59 (Std) 	WindowRendererFactory 'Falagard/Scrollbar' added. (07FD4750)
11/12/2011 20:32:59 (Std) 	Created WindowRendererFactory for 'Falagard/Slider' WindowRenderers.
11/12/2011 20:32:59 (Std) 	WindowRendererFactory 'Falagard/Slider' added. (07FD47F8)
11/12/2011 20:32:59 (Std) 	Created WindowRendererFactory for 'Falagard/Static' WindowRenderers.
11/12/2011 20:32:59 (Std) 	WindowRendererFactory 'Falagard/Static' added. (07FD48A0)
11/12/2011 20:32:59 (Std) 	Created WindowRendererFactory for 'Falagard/StaticImage' WindowRenderers.
11/12/2011 20:32:59 (Std) 	WindowRendererFactory 'Falagard/StaticImage' added. (07FD4948)
11/12/2011 20:32:59 (Std) 	Created WindowRendererFactory for 'Falagard/StaticText' WindowRenderers.
11/12/2011 20:32:59 (Std) 	WindowRendererFactory 'Falagard/StaticText' added. (07FD49F0)
11/12/2011 20:32:59 (Std) 	Created WindowRendererFactory for 'Falagard/SystemButton' WindowRenderers.
11/12/2011 20:32:59 (Std) 	WindowRendererFactory 'Falagard/SystemButton' added. (07FD4A98)
11/12/2011 20:32:59 (Std) 	Created WindowRendererFactory for 'Falagard/TabButton' WindowRenderers.
11/12/2011 20:32:59 (Std) 	WindowRendererFactory 'Falagard/TabButton' added. (07FD4B40)
11/12/2011 20:32:59 (Std) 	Created WindowRendererFactory for 'Falagard/TabControl' WindowRenderers.
11/12/2011 20:32:59 (Std) 	WindowRendererFactory 'Falagard/TabControl' added. (07FD4BE8)
11/12/2011 20:32:59 (Std) 	Created WindowRendererFactory for 'Falagard/Titlebar' WindowRenderers.
11/12/2011 20:32:59 (Std) 	WindowRendererFactory 'Falagard/Titlebar' added. (07FD4C90)
11/12/2011 20:32:59 (Std) 	Created WindowRendererFactory for 'Falagard/ToggleButton' WindowRenderers.
11/12/2011 20:32:59 (Std) 	WindowRendererFactory 'Falagard/ToggleButton' added. (07FD4D38)
11/12/2011 20:32:59 (Std) 	Created WindowRendererFactory for 'Falagard/Tooltip' WindowRenderers.
11/12/2011 20:32:59 (Std) 	WindowRendererFactory 'Falagard/Tooltip' added. (07FD4DE0)
11/12/2011 20:32:59 (Std) 	Created WindowRendererFactory for 'Falagard/ItemListbox' WindowRenderers.
11/12/2011 20:32:59 (Std) 	WindowRendererFactory 'Falagard/ItemListbox' added. (07FD4E88)
11/12/2011 20:32:59 (Std) 	Created WindowRendererFactory for 'Falagard/Tree' WindowRenderers.
11/12/2011 20:32:59 (Std) 	WindowRendererFactory 'Falagard/Tree' added. (07FD4F30)
11/12/2011 20:32:59 (Std) 	Creating falagard mapping for type 'TaharezLook/Button' using base type 'CEGUI/PushButton', window renderer 'Falagard/Button' Look'N'Feel 'TaharezLook/Button' and RenderEffect ''. (0056CEC8)
11/12/2011 20:32:59 (Std) 	Creating falagard mapping for type 'TaharezLook/Checkbox' using base type 'CEGUI/Checkbox', window renderer 'Falagard/ToggleButton' Look'N'Feel 'TaharezLook/Checkbox' and RenderEffect ''. (0056CEC8)
11/12/2011 20:32:59 (Std) 	Creating falagard mapping for type 'TaharezLook/ImageButton' using base type 'CEGUI/PushButton', window renderer 'Falagard/Button' Look'N'Feel 'TaharezLook/ImageButton' and RenderEffect ''. (0056CEC8)
11/12/2011 20:32:59 (Std) 	Creating falagard mapping for type 'TaharezLook/RadioButton' using base type 'CEGUI/RadioButton', window renderer 'Falagard/ToggleButton' Look'N'Feel 'TaharezLook/RadioButton' and RenderEffect ''. (0056CEC8)
11/12/2011 20:32:59 (Std) 	Creating falagard mapping for type 'TaharezLook/FrameWindow' using base type 'CEGUI/FrameWindow', window renderer 'Falagard/FrameWindow' Look'N'Feel 'TaharezLook/FrameWindow' and RenderEffect ''. (0056CEC8)
11/12/2011 20:32:59 (Std) 	Creating falagard mapping for type 'TaharezLook/Titlebar' using base type 'CEGUI/Titlebar', window renderer 'Falagard/Titlebar' Look'N'Feel 'TaharezLook/Titlebar' and RenderEffect ''. (0056CEC8)
11/12/2011 20:32:59 (Std) 	Creating falagard mapping for type 'TaharezLook/SystemButton' using base type 'CEGUI/PushButton', window renderer 'Falagard/Button' Look'N'Feel 'TaharezLook/Button' and RenderEffect ''. (0056CEC8)
11/12/2011 20:32:59 (Std) 	Creating falagard mapping for type 'TaharezLook/Editbox' using base type 'CEGUI/Editbox', window renderer 'Falagard/Editbox' Look'N'Feel 'TaharezLook/Editbox' and RenderEffect ''. (0056CEC8)
11/12/2011 20:32:59 (Std) 	Creating falagard mapping for type 'TaharezLook/MultiLineEditbox' using base type 'CEGUI/MultiLineEditbox', window renderer 'Falagard/MultiLineEditbox' Look'N'Feel 'TaharezLook/MultiLineEditbox' and RenderEffect ''. (0056CEC8)
11/12/2011 20:32:59 (Std) 	Creating falagard mapping for type 'TaharezLook/Menubar' using base type 'CEGUI/Menubar', window renderer 'Falagard/Menubar' Look'N'Feel 'TaharezLook/Menubar' and RenderEffect ''. (0056CEC8)
11/12/2011 20:32:59 (Std) 	Creating falagard mapping for type 'TaharezLook/PopupMenu' using base type 'CEGUI/PopupMenu', window renderer 'Falagard/PopupMenu' Look'N'Feel 'TaharezLook/PopupMenu' and RenderEffect ''. (0056CEC8)
11/12/2011 20:32:59 (Std) 	Creating falagard mapping for type 'TaharezLook/MenuItem' using base type 'CEGUI/MenuItem', window renderer 'Falagard/MenuItem' Look'N'Feel 'TaharezLook/MenuItem' and RenderEffect ''. (0056CEC8)
11/12/2011 20:32:59 (Std) 	Creating falagard mapping for type 'TaharezLook/AlternateProgressBar' using base type 'CEGUI/ProgressBar', window renderer 'Falagard/ProgressBar' Look'N'Feel 'TaharezLook/AltProgressBar' and RenderEffect ''. (0056CEC8)
11/12/2011 20:32:59 (Std) 	Creating falagard mapping for type 'TaharezLook/ProgressBar' using base type 'CEGUI/ProgressBar', window renderer 'Falagard/ProgressBar' Look'N'Feel 'TaharezLook/ProgressBar' and RenderEffect ''. (0056CEC8)
11/12/2011 20:32:59 (Std) 	Creating falagard mapping for type 'TaharezLook/VUMeter' using base type 'CEGUI/ProgressBar', window renderer 'Falagard/ProgressBar' Look'N'Feel 'TaharezLook/VUMeter' and RenderEffect ''. (0056CEC8)
11/12/2011 20:32:59 (Std) 	Creating falagard mapping for type 'TaharezLook/VerticalScrollbar' using base type 'CEGUI/Scrollbar', window renderer 'Falagard/Scrollbar' Look'N'Feel 'TaharezLook/VerticalScrollbar' and RenderEffect ''. (0056CEC8)
11/12/2011 20:32:59 (Std) 	Creating falagard mapping for type 'TaharezLook/HorizontalScrollbar' using base type 'CEGUI/Scrollbar', window renderer 'Falagard/Scrollbar' Look'N'Feel 'TaharezLook/HorizontalScrollbar' and RenderEffect ''. (0056CEC8)
11/12/2011 20:32:59 (Std) 	Creating falagard mapping for type 'TaharezLook/VerticalScrollbarThumb' using base type 'CEGUI/Thumb', window renderer 'Falagard/Button' Look'N'Feel 'TaharezLook/VerticalScrollbarThumb' and RenderEffect ''. (0056CEC8)
11/12/2011 20:32:59 (Std) 	Creating falagard mapping for type 'TaharezLook/HorizontalScrollbarThumb' using base type 'CEGUI/Thumb', window renderer 'Falagard/Button' Look'N'Feel 'TaharezLook/HorizontalScrollbarThumb' and RenderEffect ''. (0056CEC8)
11/12/2011 20:32:59 (Std) 	Creating falagard mapping for type 'TaharezLook/LargeVerticalScrollbar' using base type 'CEGUI/Scrollbar', window renderer 'Falagard/Scrollbar' Look'N'Feel 'TaharezLook/LargeVerticalScrollbar' and RenderEffect ''. (0056CEC8)
11/12/2011 20:32:59 (Std) 	Creating falagard mapping for type 'TaharezLook/LargeVerticalScrollbarThumb' using base type 'CEGUI/Thumb', window renderer 'Falagard/Button' Look'N'Feel 'TaharezLook/LargeVerticalScrollbarThumb' and RenderEffect ''. (0056CEC8)
11/12/2011 20:32:59 (Std) 	Creating falagard mapping for type 'TaharezLook/TabButton' using base type 'CEGUI/TabButton', window renderer 'Falagard/TabButton' Look'N'Feel 'TaharezLook/TabButton' and RenderEffect ''. (0056CEC8)
11/12/2011 20:32:59 (Std) 	Creating falagard mapping for type 'TaharezLook/TabControl' using base type 'CEGUI/TabControl', window renderer 'Falagard/TabControl' Look'N'Feel 'TaharezLook/TabControl' and RenderEffect ''. (0056CEC8)
11/12/2011 20:32:59 (Std) 	Creating falagard mapping for type 'TaharezLook/TabContentPane' using base type 'DefaultWindow', window renderer 'Falagard/Default' Look'N'Feel 'TaharezLook/TabContentPane' and RenderEffect ''. (0056CEC8)
11/12/2011 20:32:59 (Std) 	Creating falagard mapping for type 'TaharezLook/TabButtonPane' using base type 'DefaultWindow', window renderer 'Falagard/Default' Look'N'Feel 'TaharezLook/TabButtonPane' and RenderEffect ''. (0056CEC8)
11/12/2011 20:32:59 (Std) 	Creating falagard mapping for type 'TaharezLook/ComboDropList' using base type 'CEGUI/ComboDropList', window renderer 'Falagard/Listbox' Look'N'Feel 'TaharezLook/ComboDropList' and RenderEffect ''. (0056CEC8)
11/12/2011 20:32:59 (Std) 	Creating falagard mapping for type 'TaharezLook/ComboEditbox' using base type 'CEGUI/Editbox', window renderer 'Falagard/Editbox' Look'N'Feel 'TaharezLook/ComboEditbox' and RenderEffect ''. (0056CEC8)
11/12/2011 20:32:59 (Std) 	Creating falagard mapping for type 'TaharezLook/Combobox' using base type 'CEGUI/Combobox', window renderer 'Falagard/Default' Look'N'Feel 'TaharezLook/Combobox' and RenderEffect ''. (0056CEC8)
11/12/2011 20:32:59 (Std) 	Creating falagard mapping for type 'TaharezLook/Listbox' using base type 'CEGUI/Listbox', window renderer 'Falagard/Listbox' Look'N'Feel 'TaharezLook/Listbox' and RenderEffect ''. (0056CEC8)
11/12/2011 20:32:59 (Std) 	Creating falagard mapping for type 'TaharezLook/ListHeader' using base type 'CEGUI/ListHeader', window renderer 'Falagard/ListHeader' Look'N'Feel 'TaharezLook/ListHeader' and RenderEffect ''. (0056CEC8)
11/12/2011 20:32:59 (Std) 	Creating falagard mapping for type 'TaharezLook/ListHeaderSegment' using base type 'CEGUI/ListHeaderSegment', window renderer 'Falagard/ListHeaderSegment' Look'N'Feel 'TaharezLook/ListHeaderSegment' and RenderEffect ''. (0056CEC8)
11/12/2011 20:32:59 (Std) 	Creating falagard mapping for type 'TaharezLook/MultiColumnList' using base type 'CEGUI/MultiColumnList', window renderer 'Falagard/MultiColumnList' Look'N'Feel 'TaharezLook/MultiColumnList' and RenderEffect ''. (0056CEC8)
11/12/2011 20:32:59 (Std) 	Creating falagard mapping for type 'TaharezLook/Slider' using base type 'CEGUI/Slider', window renderer 'Falagard/Slider' Look'N'Feel 'TaharezLook/Slider' and RenderEffect ''. (0056CEC8)
11/12/2011 20:32:59 (Std) 	Creating falagard mapping for type 'TaharezLook/SliderThumb' using base type 'CEGUI/Thumb', window renderer 'Falagard/Button' Look'N'Feel 'TaharezLook/SliderThumb' and RenderEffect ''. (0056CEC8)
11/12/2011 20:32:59 (Std) 	Creating falagard mapping for type 'TaharezLook/ScrollablePane' using base type 'CEGUI/ScrollablePane', window renderer 'Falagard/ScrollablePane' Look'N'Feel 'TaharezLook/ScrollablePane' and RenderEffect ''. (0056CEC8)
11/12/2011 20:32:59 (Std) 	Creating falagard mapping for type 'TaharezLook/Spinner' using base type 'CEGUI/Spinner', window renderer 'Falagard/Default' Look'N'Feel 'TaharezLook/Spinner' and RenderEffect ''. (0056CEC8)
11/12/2011 20:32:59 (Std) 	Creating falagard mapping for type 'TaharezLook/Tooltip' using base type 'CEGUI/Tooltip', window renderer 'Falagard/Tooltip' Look'N'Feel 'TaharezLook/Tooltip' and RenderEffect ''. (0056CEC8)
11/12/2011 20:32:59 (Std) 	Creating falagard mapping for type 'TaharezLook/StaticImage' using base type 'DefaultWindow', window renderer 'Falagard/StaticImage' Look'N'Feel 'TaharezLook/StaticImage' and RenderEffect ''. (0056CEC8)
11/12/2011 20:32:59 (Std) 	Creating falagard mapping for type 'TaharezLook/StaticText' using base type 'DefaultWindow', window renderer 'Falagard/StaticText' Look'N'Feel 'TaharezLook/StaticText' and RenderEffect ''. (0056CEC8)
11/12/2011 20:32:59 (Std) 	Creating falagard mapping for type 'TaharezLook/ItemListbox' using base type 'CEGUI/ItemListbox', window renderer 'Falagard/ItemListbox' Look'N'Feel 'TaharezLook/ItemListbox' and RenderEffect ''. (0056CEC8)
11/12/2011 20:32:59 (Std) 	Creating falagard mapping for type 'TaharezLook/ListboxItem' using base type 'CEGUI/ItemEntry', window renderer 'Falagard/ItemEntry' Look'N'Feel 'TaharezLook/ListboxItem' and RenderEffect ''. (0056CEC8)
11/12/2011 20:32:59 (Std) 	Creating falagard mapping for type 'TaharezLook/GroupBox' using base type 'CEGUI/GroupBox', window renderer 'Falagard/Default' Look'N'Feel 'TaharezLook/GroupBox' and RenderEffect ''. (0056CEC8)
11/12/2011 20:32:59 (Std) 	Creating falagard mapping for type 'TaharezLook/Tree' using base type 'CEGUI/Tree', window renderer 'Falagard/Tree' Look'N'Feel 'TaharezLook/Tree' and RenderEffect ''. (0056CEC8)
11/12/2011 20:32:59 (Std) 	Started creation of Scheme from XML specification:
11/12/2011 20:32:59 (Std) 	---- CEGUI GUIScheme name: TaharezLook
11/12/2011 20:32:59 (Std) 	---- Returning existing instance of Scheme named 'TaharezLook'.
11/12/2011 20:32:59 (Std) 	Attempting to create Imageset 'RTTImageset' with texture only.
11/12/2011 20:33:07 (Std) 	Attempting to create Imageset 'DejaVuSans-10_auto_glyph_images_ ' with texture only.
