20:31:10: Creating resource group General
20:31:10: Creating resource group Internal
20:31:10: Creating resource group Autodetect
20:31:10: SceneManagerFactory for type 'DefaultSceneManager' registered.
20:31:10: Registering ResourceManager for type Material
20:31:10: Registering ResourceManager for type Mesh
20:31:10: Registering ResourceManager for type Skeleton
20:31:10: MovableObjectFactory for type 'ParticleSystem' registered.
20:31:10: OverlayElementFactory for type Panel registered.
20:31:10: OverlayElementFactory for type BorderPanel registered.
20:31:10: OverlayElementFactory for type TextArea registered.
20:31:10: Registering ResourceManager for type Font
20:31:10: ArchiveFactory for archive type FileSystem registered.
20:31:10: ArchiveFactory for archive type Zip registered.
20:31:10: DDS codec registering
20:31:10: FreeImage version: 3.13.1
20:31:10: This program uses FreeImage, a free, open source image library supporting all common bitmap formats. See http://freeimage.sourceforge.net for details
20:31:10: Supported formats: bmp,ico,jpg,jif,jpeg,jpe,jng,koa,iff,lbm,mng,pbm,pbm,pcd,pcx,pgm,pgm,png,ppm,ppm,ras,tga,targa,tif,tiff,wap,wbmp,wbm,psd,cut,xbm,xpm,gif,hdr,g3,sgi,exr,j2k,j2c,jp2,pfm,pct,pict,pic,bay,bmq,cr2,crw,cs1,dc2,dcr,dng,erf,fff,hdr,k25,kdc,mdc,mos,mrw,nef,orf,pef,pxn,raf,raw,rdc,sr2,srf,arw,3fr,cine,ia,kc2,mef,nrw,qtk,rw2,sti,drf,dsc,ptx,cap,iiq,rwz
20:31:10: Registering ResourceManager for type HighLevelGpuProgram
20:31:10: Registering ResourceManager for type Compositor
20:31:10: MovableObjectFactory for type 'Entity' registered.
20:31:10: MovableObjectFactory for type 'Light' registered.
20:31:10: MovableObjectFactory for type 'BillboardSet' registered.
20:31:10: MovableObjectFactory for type 'ManualObject' registered.
20:31:10: MovableObjectFactory for type 'BillboardChain' registered.
20:31:10: MovableObjectFactory for type 'RibbonTrail' registered.
20:31:10: Loading library .\RenderSystem_Direct3D9
20:31:10: Installing plugin: D3D9 RenderSystem
20:31:10: D3D9 : Direct3D9 Rendering Subsystem created.
20:31:10: D3D9: Driver Detection Starts
20:31:10: D3D9: Driver Detection Ends
20:31:10: Plugin successfully installed
20:31:10: Loading library .\RenderSystem_GL
20:31:10: Installing plugin: GL RenderSystem
20:31:10: OpenGL Rendering Subsystem created.
20:31:10: Plugin successfully installed
20:31:10: Loading library .\Plugin_ParticleFX
20:31:10: Installing plugin: ParticleFX
20:31:10: Particle Emitter Type 'Point' registered
20:31:10: Particle Emitter Type 'Box' registered
20:31:10: Particle Emitter Type 'Ellipsoid' registered
20:31:10: Particle Emitter Type 'Cylinder' registered
20:31:10: Particle Emitter Type 'Ring' registered
20:31:10: Particle Emitter Type 'HollowEllipsoid' registered
20:31:10: Particle Affector Type 'LinearForce' registered
20:31:10: Particle Affector Type 'ColourFader' registered
20:31:10: Particle Affector Type 'ColourFader2' registered
20:31:10: Particle Affector Type 'ColourImage' registered
20:31:10: Particle Affector Type 'ColourInterpolator' registered
20:31:10: Particle Affector Type 'Scaler' registered
20:31:10: Particle Affector Type 'Rotator' registered
20:31:10: Particle Affector Type 'DirectionRandomiser' registered
20:31:10: Particle Affector Type 'DeflectorPlane' registered
20:31:10: Plugin successfully installed
20:31:10: Loading library .\Plugin_BSPSceneManager
20:31:10: Installing plugin: BSP Scene Manager
20:31:10: Plugin successfully installed
20:31:10: Loading library .\Plugin_CgProgramManager
20:31:10: Installing plugin: Cg Program Manager
20:31:10: Plugin successfully installed
20:31:10: Loading library .\Plugin_PCZSceneManager
20:31:10: Installing plugin: Portal Connected Zone Scene Manager
20:31:10: PCZone Factory Type 'ZoneType_Default' registered
20:31:10: Plugin successfully installed
20:31:10: Loading library .\Plugin_OctreeZone
20:31:10: Installing plugin: Octree Zone Factory
20:31:10: Plugin successfully installed
20:31:10: Loading library .\Plugin_OctreeSceneManager
20:31:10: Installing plugin: Octree & Terrain Scene Manager
20:31:10: Plugin successfully installed
20:31:10: *-*-* OGRE Initialising
20:31:10: *-*-* Version 1.7.3 (Cthugha)
20:31:10: Creating resource group Fonts
20:31:10: Added resource location 'Content/datafiles/fonts' of type 'FileSystem' to resource group 'Fonts'
20:31:10: Added resource location 'Content' of type 'FileSystem' to resource group 'General'
20:31:10: Creating resource group Imagesets
20:31:10: Added resource location 'Content/datafiles/imagesets' of type 'FileSystem' to resource group 'Imagesets'
20:31:10: Creating resource group Layouts
20:31:10: Added resource location 'Content/datafiles/layouts' of type 'FileSystem' to resource group 'Layouts'
20:31:10: Creating resource group LookNFeel
20:31:10: Added resource location 'Content/datafiles/looknfeel' of type 'FileSystem' to resource group 'LookNFeel'
20:31:10: Creating resource group Popular
20:31:10: Added resource location 'Content/fonts' of type 'FileSystem' to resource group 'Popular'
20:31:10: Added resource location 'Content/materials/programs' of type 'FileSystem' to resource group 'Popular'
20:31:10: Added resource location 'Content/materials/scripts' of type 'FileSystem' to resource group 'Popular'
20:31:10: Added resource location 'Content/materials/textures' of type 'FileSystem' to resource group 'Popular'
20:31:10: Added resource location 'Content/materials/textures/nvidia' of type 'FileSystem' to resource group 'Popular'
20:31:10: Added resource location 'Content/models' of type 'FileSystem' to resource group 'Popular'
20:31:10: Added resource location 'Content/particle' of type 'FileSystem' to resource group 'Popular'
20:31:10: Added resource location 'Content/DeferredShadingMedia' of type 'FileSystem' to resource group 'Popular'
20:31:10: Added resource location 'Content/PCZAppMedia' of type 'FileSystem' to resource group 'Popular'
20:31:10: Added resource location 'Content/RTShaderLib' of type 'FileSystem' to resource group 'Popular'
20:31:10: Added resource location 'Content/RTShaderLib/materials' of type 'FileSystem' to resource group 'Popular'
20:31:10: Added resource location 'Content/scene' of type 'FileSystem' to resource group 'Popular'
20:31:10: Added resource location 'Content/packs/skybox.zip' of type 'Zip' to resource group 'Popular'
20:31:10: Added resource location 'Content/packs/sdktrays.zip' of type 'Zip' to resource group 'Popular'
20:31:10: Creating resource group Schemes
20:31:10: Added resource location 'Content/datafiles/schemes' of type 'FileSystem' to resource group 'Schemes'
20:31:10: D3D9 : RenderSystem Option: Allow NVPerfHUD = No
20:31:10: D3D9 : RenderSystem Option: FSAA = 0
20:31:10: D3D9 : RenderSystem Option: Floating-point mode = Fastest
20:31:10: D3D9 : RenderSystem Option: Full Screen = No
20:31:10: D3D9 : RenderSystem Option: Rendering Device = Monitor-1-NVIDIA GeForce GTX 260M
20:31:10: D3D9 : RenderSystem Option: Resource Creation Policy = Create on all devices
20:31:10: D3D9 : RenderSystem Option: VSync = No
20:31:10: D3D9 : RenderSystem Option: VSync Interval = 1
20:31:10: D3D9 : RenderSystem Option: Video Mode = 800 x 600 @ 32-bit colour
20:31:10: D3D9 : RenderSystem Option: sRGB Gamma Conversion = No
20:31:11: CPU Identifier & Features
20:31:11: -------------------------
20:31:11:  *   CPU ID: GenuineIntel: Intel(R) Core(TM) i7 CPU       Q 720  @ 1.60GHz
20:31:11:  *      SSE: yes
20:31:11:  *     SSE2: yes
20:31:11:  *     SSE3: yes
20:31:11:  *      MMX: yes
20:31:11:  *   MMXEXT: yes
20:31:11:  *    3DNOW: no
20:31:11:  * 3DNOWEXT: no
20:31:11:  *     CMOV: yes
20:31:11:  *      TSC: yes
20:31:11:  *      FPU: yes
20:31:11:  *      PRO: yes
20:31:11:  *       HT: no
20:31:11: -------------------------
20:31:11: D3D9 : Subsystem Initialising
20:31:11: Registering ResourceManager for type Texture
20:31:11: Registering ResourceManager for type GpuProgram
20:31:11: D3D9RenderSystem::_createRenderWindow "OGRE Render Window", 800x600 windowed  miscParams: FSAA=0 FSAAHint= colourDepth=32 gamma=false monitorIndex=0 useNVPerfHUD=false vsync=false vsyncInterval=1 
20:31:11: D3D9 : Created D3D9 Rendering Window 'OGRE Render Window' : 800x600, 32bpp
20:31:11: D3D9 : WARNING - disabling VSync in windowed mode can cause timing issues at lower frame rates, turn VSync on if you observe this problem.
20:31:11: D3D9: Vertex texture format supported - PF_FLOAT16_RGB
20:31:11: D3D9: Vertex texture format supported - PF_FLOAT16_RGBA
20:31:11: D3D9: Vertex texture format supported - PF_FLOAT32_RGB
20:31:11: D3D9: Vertex texture format supported - PF_FLOAT32_RGBA
20:31:11: D3D9: Vertex texture format supported - PF_FLOAT16_R
20:31:11: D3D9: Vertex texture format supported - PF_FLOAT32_R
20:31:11: D3D9: Vertex texture format supported - PF_FLOAT16_GR
20:31:11: D3D9: Vertex texture format supported - PF_FLOAT32_GR
20:31:11: RenderSystem capabilities
20:31:11: -------------------------
20:31:11: RenderSystem Name: Direct3D9 Rendering Subsystem
20:31:11: GPU Vendor: nvidia
20:31:11: Device Name: Monitor-1-NVIDIA GeForce GTX 260M
20:31:11: Driver Version: 8.17.12.8562
20:31:11:  * Fixed function pipeline: yes
20:31:11:  * Hardware generation of mipmaps: yes
20:31:11:  * Texture blending: yes
20:31:11:  * Anisotropic texture filtering: yes
20:31:11:  * Dot product texture operation: yes
20:31:11:  * Cube mapping: yes
20:31:11:  * Hardware stencil buffer: yes
20:31:11:    - Stencil depth: 8
20:31:11:    - Two sided stencil support: yes
20:31:11:    - Wrap stencil values: yes
20:31:11:  * Hardware vertex / index buffers: yes
20:31:11:  * Vertex programs: yes
20:31:11:  * Number of floating-point constants for vertex programs: 256
20:31:11:  * Number of integer constants for vertex programs: 16
20:31:11:  * Number of boolean constants for vertex programs: 16
20:31:11:  * Fragment programs: yes
20:31:11:  * Number of floating-point constants for fragment programs: 224
20:31:11:  * Number of integer constants for fragment programs: 16
20:31:11:  * Number of boolean constants for fragment programs: 16
20:31:11:  * Geometry programs: no
20:31:11:  * Number of floating-point constants for geometry programs: 486
20:31:11:  * Number of integer constants for geometry programs: 11880
20:31:11:  * Number of boolean constants for geometry programs: 25459
20:31:11:  * Supported Shader Profiles: hlsl ps_1_1 ps_1_2 ps_1_3 ps_1_4 ps_2_0 ps_2_a ps_2_b ps_2_x ps_3_0 vs_1_1 vs_2_0 vs_2_a vs_2_x vs_3_0
20:31:11:  * Texture Compression: yes
20:31:11:    - DXT: yes
20:31:11:    - VTC: no
20:31:11:    - PVRTC: no
20:31:11:  * Scissor Rectangle: yes
20:31:11:  * Hardware Occlusion Query: yes
20:31:11:  * User clip planes: yes
20:31:11:  * VET_UBYTE4 vertex element type: yes
20:31:11:  * Infinite far plane projection: yes
20:31:11:  * Hardware render-to-texture: yes
20:31:11:  * Floating point textures: yes
20:31:11:  * Non-power-of-two textures: yes
20:31:11:  * Volume textures: yes
20:31:11:  * Multiple Render Targets: 4
20:31:11:    - With different bit depths: yes
20:31:11:  * Point Sprites: yes
20:31:11:  * Extended point parameters: yes
20:31:11:  * Max Point Size: 10
20:31:11:  * Vertex texture fetch: yes
20:31:11:  * Number of world matrices: 0
20:31:11:  * Number of texture units: 8
20:31:11:  * Stencil buffer depth: 8
20:31:11:  * Number of vertex blend matrices: 0
20:31:11:    - Max vertex textures: 4
20:31:11:    - Vertex textures shared: no
20:31:11:  * Render to Vertex Buffer : no
20:31:11:  * DirectX per stage constants: yes
20:31:11: ***************************************
20:31:11: *** D3D9 : Subsystem Initialised OK ***
20:31:11: ***************************************
20:31:11: DefaultWorkQueue('Root') initialising on thread 00638860.
20:31:11: DefaultWorkQueue('Root')::WorkerFunc - thread 03AC1660 starting.
20:31:11: DefaultWorkQueue('Root')::WorkerFunc - thread 03AC1690 starting.
20:31:11: DefaultWorkQueue('Root')::WorkerFunc - thread 03AC16C0 starting.
20:31:11: DefaultWorkQueue('Root')::WorkerFunc - thread 03AC16F0 starting.
20:31:11: DefaultWorkQueue('Root')::WorkerFunc - thread 03AC1720 starting.
20:31:11: DefaultWorkQueue('Root')::WorkerFunc - thread 03AC1750 starting.
20:31:11: DefaultWorkQueue('Root')::WorkerFunc - thread 03AC1780 starting.
20:31:11: DefaultWorkQueue('Root')::WorkerFunc - thread 03AC17B0 starting.
20:31:11: Particle Renderer Type 'billboard' registered
20:31:11: SceneManagerFactory for type 'BspSceneManager' registered.
20:31:11: Registering ResourceManager for type BspLevel
20:31:11: SceneManagerFactory for type 'PCZSceneManager' registered.
20:31:11: MovableObjectFactory for type 'PCZLight' registered.
20:31:11: MovableObjectFactory for type 'Portal' registered.
20:31:11: MovableObjectFactory for type 'AntiPortal' registered.
20:31:11: PCZone Factory Type 'ZoneType_Octree' registered
20:31:11: PCZone Factory Type 'ZoneType_Terrain' registered
20:31:11: SceneManagerFactory for type 'OctreeSceneManager' registered.
20:31:11: SceneManagerFactory for type 'TerrainSceneManager' registered.
20:31:11: TerrainSceneManager: Registered a new PageSource for type Heightmap
20:31:11: Parsing scripts for resource group Autodetect
20:31:11: Finished parsing scripts for resource group Autodetect
20:31:11: Parsing scripts for resource group Fonts
20:31:11: Finished parsing scripts for resource group Fonts
20:31:11: Parsing scripts for resource group General
20:31:11: Finished parsing scripts for resource group General
20:31:11: Parsing scripts for resource group Imagesets
20:31:11: Finished parsing scripts for resource group Imagesets
20:31:11: Parsing scripts for resource group Internal
20:31:11: Finished parsing scripts for resource group Internal
20:31:11: Parsing scripts for resource group Layouts
20:31:11: Finished parsing scripts for resource group Layouts
20:31:11: Parsing scripts for resource group LookNFeel
20:31:11: Finished parsing scripts for resource group LookNFeel
20:31:11: Parsing scripts for resource group Popular
20:31:11: Parsing script Examples.program
20:31:11: OGRE EXCEPTION(6:FileNotFoundException): Cannot locate resource Example_Basic.cg in resource group Popular or any other group. in ResourceGroupManager::openResource at ..\..\..\..\OgreMain\src\OgreResourceGroupManager.cpp (line 753)
20:31:11: High-level program Ogre/BasicVertexPrograms/AmbientOneTexture encountered an error during loading and is thus not supported.
OGRE EXCEPTION(6:FileNotFoundException): Cannot locate resource Example_Basic.cg in resource group Popular or any other group. in ResourceGroupManager::openResource at ..\..\..\..\OgreMain\src\OgreResourceGroupManager.cpp (line 753)
20:31:11: OGRE EXCEPTION(2:InvalidParametersException): Named constants have not been initialised, perhaps a compile error. in GpuProgramParameters::_findNamedConstantDefinition at ..\..\..\..\OgreMain\src\OgreGpuProgramParams.cpp (line 1425)
20:31:11: Compiler error: invalid parameters in Examples.program(16): setting of constant failed
20:31:11: OGRE EXCEPTION(2:InvalidParametersException): Named constants have not been initialised, perhaps a compile error. in GpuProgramParameters::_findNamedConstantDefinition at ..\..\..\..\OgreMain\src\OgreGpuProgramParams.cpp (line 1425)
20:31:11: Compiler error: invalid parameters in Examples.program(17): setting of constant failed
20:31:11: OGRE EXCEPTION(6:FileNotFoundException): Cannot locate resource Example_Basic.hlsl in resource group Popular or any other group. in ResourceGroupManager::openResource at ..\..\..\..\OgreMain\src\OgreResourceGroupManager.cpp (line 753)
20:31:11: High-level program Ogre/BasicVertexPrograms/AmbientOneTextureHLSL encountered an error during loading and is thus not supported.
OGRE EXCEPTION(6:FileNotFoundException): Cannot locate resource Example_Basic.hlsl in resource group Popular or any other group. in ResourceGroupManager::openResource at ..\..\..\..\OgreMain\src\OgreResourceGroupManager.cpp (line 753)
20:31:11: OGRE EXCEPTION(2:InvalidParametersException): Named constants have not been initialised, perhaps a compile error. in GpuProgramParameters::_findNamedConstantDefinition at ..\..\..\..\OgreMain\src\OgreGpuProgramParams.cpp (line 1425)
20:31:11: Compiler error: invalid parameters in Examples.program(30): setting of constant failed
20:31:11: OGRE EXCEPTION(2:InvalidParametersException): Named constants have not been initialised, perhaps a compile error. in GpuProgramParameters::_findNamedConstantDefinition at ..\..\..\..\OgreMain\src\OgreGpuProgramParams.cpp (line 1425)
20:31:11: Compiler error: invalid parameters in Examples.program(31): setting of constant failed
20:31:11: OGRE EXCEPTION(6:FileNotFoundException): Cannot locate resource Example_Basic.hlsl in resource group Popular or any other group. in ResourceGroupManager::openResource at ..\..\..\..\OgreMain\src\OgreResourceGroupManager.cpp (line 753)
20:31:11: High-level program Ogre/HardwareSkinningTwoWeightsHLSL encountered an error during loading and is thus not supported.
OGRE EXCEPTION(6:FileNotFoundException): Cannot locate resource Example_Basic.hlsl in resource group Popular or any other group. in ResourceGroupManager::openResource at ..\..\..\..\OgreMain\src\OgreResourceGroupManager.cpp (line 753)
20:31:11: OGRE EXCEPTION(2:InvalidParametersException): Named constants have not been initialised, perhaps a compile error. in GpuProgramParameters::_findNamedConstantDefinition at ..\..\..\..\OgreMain\src\OgreGpuProgramParams.cpp (line 1425)
20:31:11: Compiler error: invalid parameters in Examples.program(124): setting of constant failed
20:31:11: OGRE EXCEPTION(2:InvalidParametersException): Named constants have not been initialised, perhaps a compile error. in GpuProgramParameters::_findNamedConstantDefinition at ..\..\..\..\OgreMain\src\OgreGpuProgramParams.cpp (line 1425)
20:31:11: Compiler error: invalid parameters in Examples.program(125): setting of constant failed
20:31:11: OGRE EXCEPTION(2:InvalidParametersException): Named constants have not been initialised, perhaps a compile error. in GpuProgramParameters::_findNamedConstantDefinition at ..\..\..\..\OgreMain\src\OgreGpuProgramParams.cpp (line 1425)
20:31:11: Compiler error: invalid parameters in Examples.program(126): setting of constant failed
20:31:11: OGRE EXCEPTION(2:InvalidParametersException): Named constants have not been initialised, perhaps a compile error. in GpuProgramParameters::_findNamedConstantDefinition at ..\..\..\..\OgreMain\src\OgreGpuProgramParams.cpp (line 1425)
20:31:11: Compiler error: invalid parameters in Examples.program(127): setting of constant failed
20:31:11: OGRE EXCEPTION(2:InvalidParametersException): Named constants have not been initialised, perhaps a compile error. in GpuProgramParameters::_findNamedConstantDefinition at ..\..\..\..\OgreMain\src\OgreGpuProgramParams.cpp (line 1425)
20:31:11: Compiler error: invalid parameters in Examples.program(128): setting of constant failed
20:31:11: OGRE EXCEPTION(2:InvalidParametersException): Named constants have not been initialised, perhaps a compile error. in GpuProgramParameters::_findNamedConstantDefinition at ..\..\..\..\OgreMain\src\OgreGpuProgramParams.cpp (line 1425)
20:31:11: Compiler error: invalid parameters in Examples.program(129): setting of constant failed
20:31:11: OGRE EXCEPTION(2:InvalidParametersException): Named constants have not been initialised, perhaps a compile error. in GpuProgramParameters::_findNamedConstantDefinition at ..\..\..\..\OgreMain\src\OgreGpuProgramParams.cpp (line 1425)
20:31:11: Compiler error: invalid parameters in Examples.program(130): setting of constant failed
20:31:11: OGRE EXCEPTION(6:FileNotFoundException): Cannot locate resource Example_Basic.cg in resource group Popular or any other group. in ResourceGroupManager::openResource at ..\..\..\..\OgreMain\src\OgreResourceGroupManager.cpp (line 753)
20:31:11: High-level program Ogre/HardwareSkinningFourWeights encountered an error during loading and is thus not supported.
OGRE EXCEPTION(6:FileNotFoundException): Cannot locate resource Example_Basic.cg in resource group Popular or any other group. in ResourceGroupManager::openResource at ..\..\..\..\OgreMain\src\OgreResourceGroupManager.cpp (line 753)
20:31:11: OGRE EXCEPTION(2:InvalidParametersException): Named constants have not been initialised, perhaps a compile error. in GpuProgramParameters::_findNamedConstantDefinition at ..\..\..\..\OgreMain\src\OgreGpuProgramParams.cpp (line 1425)
20:31:11: Compiler error: invalid parameters in Examples.program(144): setting of constant failed
20:31:11: OGRE EXCEPTION(2:InvalidParametersException): Named constants have not been initialised, perhaps a compile error. in GpuProgramParameters::_findNamedConstantDefinition at ..\..\..\..\OgreMain\src\OgreGpuProgramParams.cpp (line 1425)
20:31:11: Compiler error: invalid parameters in Examples.program(145): setting of constant failed
20:31:11: OGRE EXCEPTION(2:InvalidParametersException): Named constants have not been initialised, perhaps a compile error. in GpuProgramParameters::_findNamedConstantDefinition at ..\..\..\..\OgreMain\src\OgreGpuProgramParams.cpp (line 1425)
20:31:11: Compiler error: invalid parameters in Examples.program(146): setting of constant failed
20:31:11: OGRE EXCEPTION(2:InvalidParametersException): Named constants have not been initialised, perhaps a compile error. in GpuProgramParameters::_findNamedConstantDefinition at ..\..\..\..\OgreMain\src\OgreGpuProgramParams.cpp (line 1425)
20:31:11: Compiler error: invalid parameters in Examples.program(147): setting of constant failed
20:31:11: OGRE EXCEPTION(2:InvalidParametersException): Named constants have not been initialised, perhaps a compile error. in GpuProgramParameters::_findNamedConstantDefinition at ..\..\..\..\OgreMain\src\OgreGpuProgramParams.cpp (line 1425)
20:31:11: Compiler error: invalid parameters in Examples.program(148): setting of constant failed
20:31:11: OGRE EXCEPTION(2:InvalidParametersException): Named constants have not been initialised, perhaps a compile error. in GpuProgramParameters::_findNamedConstantDefinition at ..\..\..\..\OgreMain\src\OgreGpuProgramParams.cpp (line 1425)
20:31:11: Compiler error: invalid parameters in Examples.program(149): setting of constant failed
20:31:11: OGRE EXCEPTION(2:InvalidParametersException): Named constants have not been initialised, perhaps a compile error. in GpuProgramParameters::_findNamedConstantDefinition at ..\..\..\..\OgreMain\src\OgreGpuProgramParams.cpp (line 1425)
20:31:11: Compiler error: invalid parameters in Examples.program(150): setting of constant failed
20:31:11: OGRE EXCEPTION(6:FileNotFoundException): Cannot locate resource Example_Basic.cg in resource group Popular or any other group. in ResourceGroupManager::openResource at ..\..\..\..\OgreMain\src\OgreResourceGroupManager.cpp (line 753)
20:31:11: High-level program Ogre/HardwareMorphAnimation encountered an error during loading and is thus not supported.
OGRE EXCEPTION(6:FileNotFoundException): Cannot locate resource Example_Basic.cg in resource group Popular or any other group. in ResourceGroupManager::openResource at ..\..\..\..\OgreMain\src\OgreResourceGroupManager.cpp (line 753)
20:31:11: OGRE EXCEPTION(2:InvalidParametersException): Named constants have not been initialised, perhaps a compile error. in GpuProgramParameters::_findNamedConstantDefinition at ..\..\..\..\OgreMain\src\OgreGpuProgramParams.cpp (line 1425)
20:31:11: Compiler error: invalid parameters in Examples.program(164): setting of constant failed
20:31:11: OGRE EXCEPTION(2:InvalidParametersException): Named constants have not been initialised, perhaps a compile error. in GpuProgramParameters::_findNamedConstantDefinition at ..\..\..\..\OgreMain\src\OgreGpuProgramParams.cpp (line 1425)
20:31:11: Compiler error: invalid parameters in Examples.program(165): setting of constant failed
20:31:11: OGRE EXCEPTION(6:FileNotFoundException): Cannot locate resource Example_Basic.cg in resource group Popular or any other group. in ResourceGroupManager::openResource at ..\..\..\..\OgreMain\src\OgreResourceGroupManager.cpp (line 753)
20:31:11: High-level program Ogre/HardwarePoseAnimation encountered an error during loading and is thus not supported.
OGRE EXCEPTION(6:FileNotFoundException): Cannot locate resource Example_Basic.cg in resource group Popular or any other group. in ResourceGroupManager::openResource at ..\..\..\..\OgreMain\src\OgreResourceGroupManager.cpp (line 753)
20:31:11: OGRE EXCEPTION(2:InvalidParametersException): Named constants have not been initialised, perhaps a compile error. in GpuProgramParameters::_findNamedConstantDefinition at ..\..\..\..\OgreMain\src\OgreGpuProgramParams.cpp (line 1425)
20:31:11: Compiler error: invalid parameters in Examples.program(178): setting of constant failed
20:31:11: OGRE EXCEPTION(2:InvalidParametersException): Named constants have not been initialised, perhaps a compile error. in GpuProgramParameters::_findNamedConstantDefinition at ..\..\..\..\OgreMain\src\OgreGpuProgramParams.cpp (line 1425)
20:31:11: Compiler error: invalid parameters in Examples.program(179): setting of constant failed
20:31:11: Parsing script background.material
20:31:11: Parsing script barrier1.material
20:31:11: Parsing script Beast.material
20:31:11: Parsing script blueballoon.material
20:31:11: Parsing script Bullet.material
20:31:11: Parsing script dragonfootsoldier.material
20:31:11: Parsing script Dryad.material
20:31:11: Parsing script Examples-Advanced.material
20:31:11: OGRE EXCEPTION(6:FileNotFoundException): Cannot locate resource Example_CelShading.cg in resource group Popular or any other group. in ResourceGroupManager::openResource at ..\..\..\..\OgreMain\src\OgreResourceGroupManager.cpp (line 753)
20:31:11: High-level program Ogre/CelShadingVP encountered an error during loading and is thus not supported.
OGRE EXCEPTION(6:FileNotFoundException): Cannot locate resource Example_CelShading.cg in resource group Popular or any other group. in ResourceGroupManager::openResource at ..\..\..\..\OgreMain\src\OgreResourceGroupManager.cpp (line 753)
20:31:11: OGRE EXCEPTION(2:InvalidParametersException): Named constants have not been initialised, perhaps a compile error. in GpuProgramParameters::_findNamedConstantDefinition at ..\..\..\..\OgreMain\src\OgreGpuProgramParams.cpp (line 1425)
20:31:11: Compiler error: invalid parameters in Examples-Advanced.material(12): setting of constant failed
20:31:11: OGRE EXCEPTION(2:InvalidParametersException): Named constants have not been initialised, perhaps a compile error. in GpuProgramParameters::_findNamedConstantDefinition at ..\..\..\..\OgreMain\src\OgreGpuProgramParams.cpp (line 1425)
20:31:11: Compiler error: invalid parameters in Examples-Advanced.material(13): setting of constant failed
20:31:11: OGRE EXCEPTION(2:InvalidParametersException): Named constants have not been initialised, perhaps a compile error. in GpuProgramParameters::_findNamedConstantDefinition at ..\..\..\..\OgreMain\src\OgreGpuProgramParams.cpp (line 1425)
20:31:11: Compiler error: invalid parameters in Examples-Advanced.material(14): setting of constant failed
20:31:11: OGRE EXCEPTION(2:InvalidParametersException): Named constants have not been initialised, perhaps a compile error. in GpuProgramParameters::_findNamedConstantDefinition at ..\..\..\..\OgreMain\src\OgreGpuProgramParams.cpp (line 1425)
20:31:11: Compiler error: invalid parameters in Examples-Advanced.material(15): setting of constant failed
20:31:11: OGRE EXCEPTION(6:FileNotFoundException): Cannot locate resource Example_CelShading.cg in resource group Popular or any other group. in ResourceGroupManager::openResource at ..\..\..\..\OgreMain\src\OgreResourceGroupManager.cpp (line 753)
20:31:11: High-level program Ogre/CelShadingFP encountered an error during loading and is thus not supported.
OGRE EXCEPTION(6:FileNotFoundException): Cannot locate resource Example_CelShading.cg in resource group Popular or any other group. in ResourceGroupManager::openResource at ..\..\..\..\OgreMain\src\OgreResourceGroupManager.cpp (line 753)
20:31:11: OGRE EXCEPTION(6:FileNotFoundException): Cannot locate resource Example_BumpMapping.cg in resource group Popular or any other group. in ResourceGroupManager::openResource at ..\..\..\..\OgreMain\src\OgreResourceGroupManager.cpp (line 753)
20:31:11: High-level program Examples/BumpMapVP encountered an error during loading and is thus not supported.
OGRE EXCEPTION(6:FileNotFoundException): Cannot locate resource Example_BumpMapping.cg in resource group Popular or any other group. in ResourceGroupManager::openResource at ..\..\..\..\OgreMain\src\OgreResourceGroupManager.cpp (line 753)
20:31:11: OGRE EXCEPTION(6:FileNotFoundException): Cannot locate resource Example_BumpMapping.cg in resource group Popular or any other group. in ResourceGroupManager::openResource at ..\..\..\..\OgreMain\src\OgreResourceGroupManager.cpp (line 753)
20:31:11: High-level program Examples/BumpMapFP encountered an error during loading and is thus not supported.
OGRE EXCEPTION(6:FileNotFoundException): Cannot locate resource Example_BumpMapping.cg in resource group Popular or any other group. in ResourceGroupManager::openResource at ..\..\..\..\OgreMain\src\OgreResourceGroupManager.cpp (line 753)
20:31:11: OGRE EXCEPTION(6:FileNotFoundException): Cannot locate resource Example_BumpMapping.cg in resource group Popular or any other group. in ResourceGroupManager::openResource at ..\..\..\..\OgreMain\src\OgreResourceGroupManager.cpp (line 753)
20:31:11: High-level program Examples/BumpMapVPShadowRcv encountered an error during loading and is thus not supported.
OGRE EXCEPTION(6:FileNotFoundException): Cannot locate resource Example_BumpMapping.cg in resource group Popular or any other group. in ResourceGroupManager::openResource at ..\..\..\..\OgreMain\src\OgreResourceGroupManager.cpp (line 753)
20:31:11: OGRE EXCEPTION(6:FileNotFoundException): Cannot locate resource Example_BumpMapping.cg in resource group Popular or any other group. in ResourceGroupManager::openResource at ..\..\..\..\OgreMain\src\OgreResourceGroupManager.cpp (line 753)
20:31:11: High-level program Examples/BumpMapFPShadowRcv encountered an error during loading and is thus not supported.
OGRE EXCEPTION(6:FileNotFoundException): Cannot locate resource Example_BumpMapping.cg in resource group Popular or any other group. in ResourceGroupManager::openResource at ..\..\..\..\OgreMain\src\OgreResourceGroupManager.cpp (line 753)
20:31:11: OGRE EXCEPTION(6:FileNotFoundException): Cannot locate resource Example_BumpMapping.cg in resource group Popular or any other group. in ResourceGroupManager::openResource at ..\..\..\..\OgreMain\src\OgreResourceGroupManager.cpp (line 753)
20:31:11: High-level program Examples/BumpMapVPSpecular encountered an error during loading and is thus not supported.
OGRE EXCEPTION(6:FileNotFoundException): Cannot locate resource Example_BumpMapping.cg in resource group Popular or any other group. in ResourceGroupManager::openResource at ..\..\..\..\OgreMain\src\OgreResourceGroupManager.cpp (line 753)
20:31:11: OGRE EXCEPTION(6:FileNotFoundException): Cannot locate resource Example_BumpMapping.cg in resource group Popular or any other group. in ResourceGroupManager::openResource at ..\..\..\..\OgreMain\src\OgreResourceGroupManager.cpp (line 753)
20:31:11: High-level program Examples/BumpMapFPSpecular encountered an error during loading and is thus not supported.
OGRE EXCEPTION(6:FileNotFoundException): Cannot locate resource Example_BumpMapping.cg in resource group Popular or any other group. in ResourceGroupManager::openResource at ..\..\..\..\OgreMain\src\OgreResourceGroupManager.cpp (line 753)
20:31:11: OGRE EXCEPTION(6:FileNotFoundException): Cannot locate resource Example_BumpMapping.cg in resource group Popular or any other group. in ResourceGroupManager::openResource at ..\..\..\..\OgreMain\src\OgreResourceGroupManager.cpp (line 753)
20:31:11: High-level program Examples/BumpMapVPTangentParity encountered an error during loading and is thus not supported.
OGRE EXCEPTION(6:FileNotFoundException): Cannot locate resource Example_BumpMapping.cg in resource group Popular or any other group. in ResourceGroupManager::openResource at ..\..\..\..\OgreMain\src\OgreResourceGroupManager.cpp (line 753)
20:31:11: OGRE EXCEPTION(6:FileNotFoundException): Cannot locate resource Example_Projection.cg in resource group Popular or any other group. in ResourceGroupManager::openResource at ..\..\..\..\OgreMain\src\OgreResourceGroupManager.cpp (line 753)
20:31:11: High-level program Examples/TexProjectionVP encountered an error during loading and is thus not supported.
OGRE EXCEPTION(6:FileNotFoundException): Cannot locate resource Example_Projection.cg in resource group Popular or any other group. in ResourceGroupManager::openResource at ..\..\..\..\OgreMain\src\OgreResourceGroupManager.cpp (line 753)
20:31:11: OGRE EXCEPTION(6:FileNotFoundException): Cannot locate resource Example_Projection.cg in resource group Popular or any other group. in ResourceGroupManager::openResource at ..\..\..\..\OgreMain\src\OgreResourceGroupManager.cpp (line 753)
20:31:11: High-level program Examples/TexProjectionFP encountered an error during loading and is thus not supported.
OGRE EXCEPTION(6:FileNotFoundException): Cannot locate resource Example_Projection.cg in resource group Popular or any other group. in ResourceGroupManager::openResource at ..\..\..\..\OgreMain\src\OgreResourceGroupManager.cpp (line 753)
20:31:11: OGRE EXCEPTION(6:FileNotFoundException): Cannot locate resource Example_Fresnel.cg in resource group Popular or any other group. in ResourceGroupManager::openResource at ..\..\..\..\OgreMain\src\OgreResourceGroupManager.cpp (line 753)
20:31:11: High-level program Examples/FresnelRefractReflectVP encountered an error during loading and is thus not supported.
OGRE EXCEPTION(6:FileNotFoundException): Cannot locate resource Example_Fresnel.cg in resource group Popular or any other group. in ResourceGroupManager::openResource at ..\..\..\..\OgreMain\src\OgreResourceGroupManager.cpp (line 753)
20:31:11: OGRE EXCEPTION(6:FileNotFoundException): Cannot locate resource Example_Fresnel.cg in resource group Popular or any other group. in ResourceGroupManager::openResource at ..\..\..\..\OgreMain\src\OgreResourceGroupManager.cpp (line 753)
20:31:11: High-level program Examples/FresnelRefractReflectFP encountered an error during loading and is thus not supported.
OGRE EXCEPTION(6:FileNotFoundException): Cannot locate resource Example_Fresnel.cg in resource group Popular or any other group. in ResourceGroupManager::openResource at ..\..\..\..\OgreMain\src\OgreResourceGroupManager.cpp (line 753)
20:31:11: OGRE EXCEPTION(6:FileNotFoundException): Cannot locate resource Example_Fresnel.cg in resource group Popular or any other group. in ResourceGroupManager::openResource at ..\..\..\..\OgreMain\src\OgreResourceGroupManager.cpp (line 753)
20:31:11: High-level program Examples/FresnelRefractReflectVPold encountered an error during loading and is thus not supported.
OGRE EXCEPTION(6:FileNotFoundException): Cannot locate resource Example_Fresnel.cg in resource group Popular or any other group. in ResourceGroupManager::openResource at ..\..\..\..\OgreMain\src\OgreResourceGroupManager.cpp (line 753)
20:31:11: Parsing script Examples.material
20:31:11: OGRE EXCEPTION(6:FileNotFoundException): Cannot locate resource hdr.cg in resource group Popular or any other group. in ResourceGroupManager::openResource at ..\..\..\..\OgreMain\src\OgreResourceGroupManager.cpp (line 753)
20:31:11: High-level program Examples/MorningSkyBoxHDRfp encountered an error during loading and is thus not supported.
OGRE EXCEPTION(6:FileNotFoundException): Cannot locate resource hdr.cg in resource group Popular or any other group. in ResourceGroupManager::openResource at ..\..\..\..\OgreMain\src\OgreResourceGroupManager.cpp (line 753)
20:31:11: OGRE EXCEPTION(6:FileNotFoundException): Cannot locate resource hdr.cg in resource group Popular or any other group. in ResourceGroupManager::openResource at ..\..\..\..\OgreMain\src\OgreResourceGroupManager.cpp (line 753)
20:31:11: High-level program Examples/MorningCubeMapHDRfp encountered an error during loading and is thus not supported.
OGRE EXCEPTION(6:FileNotFoundException): Cannot locate resource hdr.cg in resource group Popular or any other group. in ResourceGroupManager::openResource at ..\..\..\..\OgreMain\src\OgreResourceGroupManager.cpp (line 753)
20:31:11: OGRE EXCEPTION(6:FileNotFoundException): Cannot locate resource Example_Basic.cg in resource group Popular or any other group. in ResourceGroupManager::openResource at ..\..\..\..\OgreMain\src\OgreResourceGroupManager.cpp (line 753)
20:31:11: High-level program Ogre/HardwareSkinningOneWeight encountered an error during loading and is thus not supported.
OGRE EXCEPTION(6:FileNotFoundException): Cannot locate resource Example_Basic.cg in resource group Popular or any other group. in ResourceGroupManager::openResource at ..\..\..\..\OgreMain\src\OgreResourceGroupManager.cpp (line 753)
20:31:11: OGRE EXCEPTION(6:FileNotFoundException): Cannot locate resource Example_Basic.cg in resource group Popular or any other group. in ResourceGroupManager::openResource at ..\..\..\..\OgreMain\src\OgreResourceGroupManager.cpp (line 753)
20:31:11: High-level program Ogre/HardwareSkinningOneWeightShadowCaster encountered an error during loading and is thus not supported.
OGRE EXCEPTION(6:FileNotFoundException): Cannot locate resource Example_Basic.cg in resource group Popular or any other group. in ResourceGroupManager::openResource at ..\..\..\..\OgreMain\src\OgreResourceGroupManager.cpp (line 753)
20:31:11: OGRE EXCEPTION(6:FileNotFoundException): Cannot locate resource Grass.cg in resource group Popular or any other group. in ResourceGroupManager::openResource at ..\..\..\..\OgreMain\src\OgreResourceGroupManager.cpp (line 753)
20:31:11: High-level program Examples/GrassWaverVp encountered an error during loading and is thus not supported.
OGRE EXCEPTION(6:FileNotFoundException): Cannot locate resource Grass.cg in resource group Popular or any other group. in ResourceGroupManager::openResource at ..\..\..\..\OgreMain\src\OgreResourceGroupManager.cpp (line 753)
20:31:11: OGRE EXCEPTION(2:InvalidParametersException): Named constants have not been initialised, perhaps a compile error. in GpuProgramParameters::_findNamedConstantDefinition at ..\..\..\..\OgreMain\src\OgreGpuProgramParams.cpp (line 1425)
20:31:11: Compiler error: invalid parameters in Examples.material(835): setting of constant failed
20:31:11: OGRE EXCEPTION(2:InvalidParametersException): Named constants have not been initialised, perhaps a compile error. in GpuProgramParameters::_findNamedConstantDefinition at ..\..\..\..\OgreMain\src\OgreGpuProgramParams.cpp (line 1425)
20:31:11: Compiler error: invalid parameters in Examples.material(837): setting of constant failed
20:31:11: OGRE EXCEPTION(2:InvalidParametersException): Named constants have not been initialised, perhaps a compile error. in GpuProgramParameters::_findNamedConstantDefinition at ..\..\..\..\OgreMain\src\OgreGpuProgramParams.cpp (line 1425)
20:31:11: Compiler error: invalid parameters in Examples.material(839): setting of constant failed
20:31:11: OGRE EXCEPTION(2:InvalidParametersException): Named constants have not been initialised, perhaps a compile error. in GpuProgramParameters::_findNamedConstantDefinition at ..\..\..\..\OgreMain\src\OgreGpuProgramParams.cpp (line 1425)
20:31:11: Compiler error: invalid parameters in Examples.material(840): setting of constant failed
20:31:11: OGRE EXCEPTION(2:InvalidParametersException): Named constants have not been initialised, perhaps a compile error. in GpuProgramParameters::_findNamedConstantDefinition at ..\..\..\..\OgreMain\src\OgreGpuProgramParams.cpp (line 1425)
20:31:11: Compiler error: invalid parameters in Examples.material(841): setting of constant failed
20:31:11: OGRE EXCEPTION(2:InvalidParametersException): Named constants have not been initialised, perhaps a compile error. in GpuProgramParameters::_findNamedConstantDefinition at ..\..\..\..\OgreMain\src\OgreGpuProgramParams.cpp (line 1425)
20:31:11: Compiler error: invalid parameters in Examples.material(843): setting of constant failed
20:31:11: OGRE EXCEPTION(6:FileNotFoundException): Cannot locate resource Grass.cg in resource group Popular or any other group. in ResourceGroupManager::openResource at ..\..\..\..\OgreMain\src\OgreResourceGroupManager.cpp (line 753)
20:31:11: High-level program Examples/GrassWaverTexVp encountered an error during loading and is thus not supported.
OGRE EXCEPTION(6:FileNotFoundException): Cannot locate resource Grass.cg in resource group Popular or any other group. in ResourceGroupManager::openResource at ..\..\..\..\OgreMain\src\OgreResourceGroupManager.cpp (line 753)
20:31:11: OGRE EXCEPTION(2:InvalidParametersException): Named constants have not been initialised, perhaps a compile error. in GpuProgramParameters::_findNamedConstantDefinition at ..\..\..\..\OgreMain\src\OgreGpuProgramParams.cpp (line 1425)
20:31:11: Compiler error: invalid parameters in Examples.material(855): setting of constant failed
20:31:11: OGRE EXCEPTION(2:InvalidParametersException): Named constants have not been initialised, perhaps a compile error. in GpuProgramParameters::_findNamedConstantDefinition at ..\..\..\..\OgreMain\src\OgreGpuProgramParams.cpp (line 1425)
20:31:11: Compiler error: invalid parameters in Examples.material(856): setting of constant failed
20:31:11: OGRE EXCEPTION(6:FileNotFoundException): Cannot locate resource Grass.cg in resource group Popular or any other group. in ResourceGroupManager::openResource at ..\..\..\..\OgreMain\src\OgreResourceGroupManager.cpp (line 753)
20:31:11: High-level program Examples/GrassWaverAmbientVp encountered an error during loading and is thus not supported.
OGRE EXCEPTION(6:FileNotFoundException): Cannot locate resource Grass.cg in resource group Popular or any other group. in ResourceGroupManager::openResource at ..\..\..\..\OgreMain\src\OgreResourceGroupManager.cpp (line 753)
20:31:11: OGRE EXCEPTION(2:InvalidParametersException): Named constants have not been initialised, perhaps a compile error. in GpuProgramParameters::_findNamedConstantDefinition at ..\..\..\..\OgreMain\src\OgreGpuProgramParams.cpp (line 1425)
20:31:11: Compiler error: invalid parameters in Examples.material(867): setting of constant failed
20:31:11: OGRE EXCEPTION(2:InvalidParametersException): Named constants have not been initialised, perhaps a compile error. in GpuProgramParameters::_findNamedConstantDefinition at ..\..\..\..\OgreMain\src\OgreGpuProgramParams.cpp (line 1425)
20:31:11: Compiler error: invalid parameters in Examples.material(868): setting of constant failed
20:31:11: OGRE EXCEPTION(2:InvalidParametersException): Named constants have not been initialised, perhaps a compile error. in GpuProgramParameters::_findNamedConstantDefinition at ..\..\..\..\OgreMain\src\OgreGpuProgramParams.cpp (line 1425)
20:31:11: Compiler error: invalid parameters in Examples.material(869): setting of constant failed
20:31:11: OGRE EXCEPTION(6:FileNotFoundException): Cannot locate resource Grass.cg in resource group Popular or any other group. in ResourceGroupManager::openResource at ..\..\..\..\OgreMain\src\OgreResourceGroupManager.cpp (line 753)
20:31:11: High-level program Examples/GrassWaverAmbientFp encountered an error during loading and is thus not supported.
OGRE EXCEPTION(6:FileNotFoundException): Cannot locate resource Grass.cg in resource group Popular or any other group. in ResourceGroupManager::openResource at ..\..\..\..\OgreMain\src\OgreResourceGroupManager.cpp (line 753)
20:31:11: OGRE EXCEPTION(6:FileNotFoundException): Cannot locate resource Grass.cg in resource group Popular or any other group. in ResourceGroupManager::openResource at ..\..\..\..\OgreMain\src\OgreResourceGroupManager.cpp (line 753)
20:31:11: High-level program Examples/GrassWaverFp encountered an error during loading and is thus not supported.
OGRE EXCEPTION(6:FileNotFoundException): Cannot locate resource Grass.cg in resource group Popular or any other group. in ResourceGroupManager::openResource at ..\..\..\..\OgreMain\src\OgreResourceGroupManager.cpp (line 753)
20:31:11: OGRE EXCEPTION(6:FileNotFoundException): Cannot locate resource Grass.cg in resource group Popular or any other group. in ResourceGroupManager::openResource at ..\..\..\..\OgreMain\src\OgreResourceGroupManager.cpp (line 753)
20:31:11: High-level program Examples/GrassWaverCasterVp encountered an error during loading and is thus not supported.
OGRE EXCEPTION(6:FileNotFoundException): Cannot locate resource Grass.cg in resource group Popular or any other group. in ResourceGroupManager::openResource at ..\..\..\..\OgreMain\src\OgreResourceGroupManager.cpp (line 753)
20:31:11: OGRE EXCEPTION(2:InvalidParametersException): Named constants have not been initialised, perhaps a compile error. in GpuProgramParameters::_findNamedConstantDefinition at ..\..\..\..\OgreMain\src\OgreGpuProgramParams.cpp (line 1425)
20:31:11: Compiler error: invalid parameters in Examples.material(899): setting of constant failed
20:31:11: OGRE EXCEPTION(2:InvalidParametersException): Named constants have not been initialised, perhaps a compile error. in GpuProgramParameters::_findNamedConstantDefinition at ..\..\..\..\OgreMain\src\OgreGpuProgramParams.cpp (line 1425)
20:31:11: Compiler error: invalid parameters in Examples.material(900): setting of constant failed
20:31:11: OGRE EXCEPTION(2:InvalidParametersException): Named constants have not been initialised, perhaps a compile error. in GpuProgramParameters::_findNamedConstantDefinition at ..\..\..\..\OgreMain\src\OgreGpuProgramParams.cpp (line 1425)
20:31:11: Compiler error: invalid parameters in Examples.material(901): setting of constant failed
20:31:11: OGRE EXCEPTION(6:FileNotFoundException): Cannot locate resource Grass.cg in resource group Popular or any other group. in ResourceGroupManager::openResource at ..\..\..\..\OgreMain\src\OgreResourceGroupManager.cpp (line 753)
20:31:11: High-level program Examples/GrassWaverCasterFp encountered an error during loading and is thus not supported.
OGRE EXCEPTION(6:FileNotFoundException): Cannot locate resource Grass.cg in resource group Popular or any other group. in ResourceGroupManager::openResource at ..\..\..\..\OgreMain\src\OgreResourceGroupManager.cpp (line 753)
20:31:11: OGRE EXCEPTION(6:FileNotFoundException): Cannot locate resource Grass.cg in resource group Popular or any other group. in ResourceGroupManager::openResource at ..\..\..\..\OgreMain\src\OgreResourceGroupManager.cpp (line 753)
20:31:11: High-level program Examples/GrassWaverReceiverVp encountered an error during loading and is thus not supported.
OGRE EXCEPTION(6:FileNotFoundException): Cannot locate resource Grass.cg in resource group Popular or any other group. in ResourceGroupManager::openResource at ..\..\..\..\OgreMain\src\OgreResourceGroupManager.cpp (line 753)
20:31:11: OGRE EXCEPTION(2:InvalidParametersException): Named constants have not been initialised, perhaps a compile error. in GpuProgramParameters::_findNamedConstantDefinition at ..\..\..\..\OgreMain\src\OgreGpuProgramParams.cpp (line 1425)
20:31:11: Compiler error: invalid parameters in Examples.material(922): setting of constant failed
20:31:11: OGRE EXCEPTION(2:InvalidParametersException): Named constants have not been initialised, perhaps a compile error. in GpuProgramParameters::_findNamedConstantDefinition at ..\..\..\..\OgreMain\src\OgreGpuProgramParams.cpp (line 1425)
20:31:11: Compiler error: invalid parameters in Examples.material(923): setting of constant failed
20:31:11: OGRE EXCEPTION(2:InvalidParametersException): Named constants have not been initialised, perhaps a compile error. in GpuProgramParameters::_findNamedConstantDefinition at ..\..\..\..\OgreMain\src\OgreGpuProgramParams.cpp (line 1425)
20:31:11: Compiler error: invalid parameters in Examples.material(924): setting of constant failed
20:31:11: OGRE EXCEPTION(2:InvalidParametersException): Named constants have not been initialised, perhaps a compile error. in GpuProgramParameters::_findNamedConstantDefinition at ..\..\..\..\OgreMain\src\OgreGpuProgramParams.cpp (line 1425)
20:31:11: Compiler error: invalid parameters in Examples.material(926): setting of constant failed
20:31:11: OGRE EXCEPTION(2:InvalidParametersException): Named constants have not been initialised, perhaps a compile error. in GpuProgramParameters::_findNamedConstantDefinition at ..\..\..\..\OgreMain\src\OgreGpuProgramParams.cpp (line 1425)
20:31:11: Compiler error: invalid parameters in Examples.material(928): setting of constant failed
20:31:11: OGRE EXCEPTION(2:InvalidParametersException): Named constants have not been initialised, perhaps a compile error. in GpuProgramParameters::_findNamedConstantDefinition at ..\..\..\..\OgreMain\src\OgreGpuProgramParams.cpp (line 1425)
20:31:11: Compiler error: invalid parameters in Examples.material(929): setting of constant failed
20:31:11: OGRE EXCEPTION(2:InvalidParametersException): Named constants have not been initialised, perhaps a compile error. in GpuProgramParameters::_findNamedConstantDefinition at ..\..\..\..\OgreMain\src\OgreGpuProgramParams.cpp (line 1425)
20:31:11: Compiler error: invalid parameters in Examples.material(931): setting of constant failed
20:31:11: OGRE EXCEPTION(6:FileNotFoundException): Cannot locate resource Grass.cg in resource group Popular or any other group. in ResourceGroupManager::openResource at ..\..\..\..\OgreMain\src\OgreResourceGroupManager.cpp (line 753)
20:31:11: High-level program Examples/GrassWaverReceiverFp encountered an error during loading and is thus not supported.
OGRE EXCEPTION(6:FileNotFoundException): Cannot locate resource Grass.cg in resource group Popular or any other group. in ResourceGroupManager::openResource at ..\..\..\..\OgreMain\src\OgreResourceGroupManager.cpp (line 753)
20:31:11: OGRE EXCEPTION(2:InvalidParametersException): Named constants have not been initialised, perhaps a compile error. in GpuProgramParameters::_findNamedConstantDefinition at ..\..\..\..\OgreMain\src\OgreGpuProgramParams.cpp (line 1425)
20:31:11: Compiler error: invalid parameters in Examples.material(945): setting of constant failed
20:31:11: OGRE EXCEPTION(2:InvalidParametersException): Named constants have not been initialised, perhaps a compile error. in GpuProgramParameters::_findNamedConstantDefinition at ..\..\..\..\OgreMain\src\OgreGpuProgramParams.cpp (line 1425)
20:31:11: Compiler error: invalid parameters in Examples.material(946): setting of constant failed
20:31:11: OGRE EXCEPTION(2:InvalidParametersException): Named constants have not been initialised, perhaps a compile error. in GpuProgramParameters::_findNamedConstantDefinition at ..\..\..\..\OgreMain\src\OgreGpuProgramParams.cpp (line 1425)
20:31:11: Compiler error: invalid parameters in Examples.material(947): setting of constant failed
20:31:11: OGRE EXCEPTION(6:FileNotFoundException): Cannot locate resource Example_Basic.hlsl in resource group Popular or any other group. in ResourceGroupManager::openResource at ..\..\..\..\OgreMain\src\OgreResourceGroupManager.cpp (line 753)
20:31:11: High-level program Ogre/HardwareSkinningTwoWeightsShadowCasterHLSL encountered an error during loading and is thus not supported.
OGRE EXCEPTION(6:FileNotFoundException): Cannot locate resource Example_Basic.hlsl in resource group Popular or any other group. in ResourceGroupManager::openResource at ..\..\..\..\OgreMain\src\OgreResourceGroupManager.cpp (line 753)
20:31:11: OGRE EXCEPTION(2:InvalidParametersException): Named constants have not been initialised, perhaps a compile error. in GpuProgramParameters::_findNamedConstantDefinition at ..\..\..\..\OgreMain\src\OgreGpuProgramParams.cpp (line 1425)
20:31:11: Compiler error: invalid parameters in Examples.material(1624): setting of constant failed
20:31:11: OGRE EXCEPTION(2:InvalidParametersException): Named constants have not been initialised, perhaps a compile error. in GpuProgramParameters::_findNamedConstantDefinition at ..\..\..\..\OgreMain\src\OgreGpuProgramParams.cpp (line 1425)
20:31:11: Compiler error: invalid parameters in Examples.material(1625): setting of constant failed
20:31:11: OGRE EXCEPTION(2:InvalidParametersException): Named constants have not been initialised, perhaps a compile error. in GpuProgramParameters::_findNamedConstantDefinition at ..\..\..\..\OgreMain\src\OgreGpuProgramParams.cpp (line 1425)
20:31:11: Compiler error: invalid parameters in Examples.material(1626): setting of constant failed
20:31:11: OGRE EXCEPTION(6:FileNotFoundException): Cannot locate resource Example_Basic.cg in resource group Popular or any other group. in ResourceGroupManager::openResource at ..\..\..\..\OgreMain\src\OgreResourceGroupManager.cpp (line 753)
20:31:11: High-level program Examples/ShowTangents_v encountered an error during loading and is thus not supported.
OGRE EXCEPTION(6:FileNotFoundException): Cannot locate resource Example_Basic.cg in resource group Popular or any other group. in ResourceGroupManager::openResource at ..\..\..\..\OgreMain\src\OgreResourceGroupManager.cpp (line 753)
20:31:11: OGRE EXCEPTION(2:InvalidParametersException): Named constants have not been initialised, perhaps a compile error. in GpuProgramParameters::_findNamedConstantDefinition at ..\..\..\..\OgreMain\src\OgreGpuProgramParams.cpp (line 1425)
20:31:11: Compiler error: invalid parameters in Examples.material(1696): setting of constant failed
20:31:11: OGRE EXCEPTION(6:FileNotFoundException): Cannot locate resource Example_Basic.cg in resource group Popular or any other group. in ResourceGroupManager::openResource at ..\..\..\..\OgreMain\src\OgreResourceGroupManager.cpp (line 753)
20:31:11: High-level program Examples/ShowNormals_v encountered an error during loading and is thus not supported.
OGRE EXCEPTION(6:FileNotFoundException): Cannot locate resource Example_Basic.cg in resource group Popular or any other group. in ResourceGroupManager::openResource at ..\..\..\..\OgreMain\src\OgreResourceGroupManager.cpp (line 753)
20:31:11: OGRE EXCEPTION(2:InvalidParametersException): Named constants have not been initialised, perhaps a compile error. in GpuProgramParameters::_findNamedConstantDefinition at ..\..\..\..\OgreMain\src\OgreGpuProgramParams.cpp (line 1425)
20:31:11: Compiler error: invalid parameters in Examples.material(1706): setting of constant failed
20:31:11: OGRE EXCEPTION(6:FileNotFoundException): Cannot locate resource Example_Basic.cg in resource group Popular or any other group. in ResourceGroupManager::openResource at ..\..\..\..\OgreMain\src\OgreResourceGroupManager.cpp (line 753)
20:31:11: High-level program Examples/ShowUV_p encountered an error during loading and is thus not supported.
OGRE EXCEPTION(6:FileNotFoundException): Cannot locate resource Example_Basic.cg in resource group Popular or any other group. in ResourceGroupManager::openResource at ..\..\..\..\OgreMain\src\OgreResourceGroupManager.cpp (line 753)
20:31:11: OGRE EXCEPTION(6:FileNotFoundException): Cannot locate resource Example_Basic.cg in resource group Popular or any other group. in ResourceGroupManager::openResource at ..\..\..\..\OgreMain\src\OgreResourceGroupManager.cpp (line 753)
20:31:11: High-level program Examples/ShowUVdir3D encountered an error during loading and is thus not supported.
OGRE EXCEPTION(6:FileNotFoundException): Cannot locate resource Example_Basic.cg in resource group Popular or any other group. in ResourceGroupManager::openResource at ..\..\..\..\OgreMain\src\OgreResourceGroupManager.cpp (line 753)
20:31:11: Parsing script factory.material
20:31:11: Parsing script gasCan.material
20:31:11: Parsing script greenballoon.material
20:31:11: Parsing script healthy_bar.material
20:31:11: Parsing script KnockOutGUI.material
20:31:11: Parsing script MyCube.material
20:31:11: Parsing script MyObstacle.material
20:31:11: Parsing script MyTank.material
20:31:11: Parsing script MyWall.material
20:31:11: Parsing script pBase.material
20:31:11: Parsing script PE_materials.material
20:31:11: Parsing script pinkballoon.material
20:31:11: Parsing script tower1.material
20:31:11: Parsing script tower2.material
20:31:11: Parsing script tree.material
20:31:11: Parsing script troll.material
20:31:11: Parsing script 1.material
20:31:12: Parsing script 111.material
20:31:12: Parsing script boss1.material
20:31:12: Parsing script boss2.material
20:31:12: Parsing script Bullet.material
20:31:12: Parsing script cano1.material
20:31:12: Parsing script HealthBonus.material
20:31:12: Parsing script LandMine.material
20:31:12: Parsing script LandMineBonus.material
20:31:12: Parsing script MachineGun.material
20:31:12: Parsing script MyTank.material
20:31:12: Parsing script ogre.material
20:31:12: Parsing script redballoon.material
20:31:12: Parsing script slycastle2.material
20:31:12: Parsing script myfire.material
20:31:12: Parsing script littlegirl.material
20:31:12: Parsing script SdkTrays.material
20:31:12: Parsing script emitted_emitter.particle
20:31:12: Parsing script Examples-Water.particle
20:31:12: Parsing script Examples.particle
20:31:12: Parsing script myfire.particle
20:31:12: Parsing script PE_templates_1.particle
20:31:12: Parsing script PE_templates_2.particle
20:31:12: Parsing script PE_templates_3.particle
20:31:12: Parsing script smoke.particle
20:31:12: Parsing script Examples.compositor
20:31:12: Parsing script sample.fontdef
20:31:12: Parsing script SdkTrays.fontdef
20:31:12: Parsing script SdkTrays.overlay
20:31:12: Bad element attribute line: '# you can offset the image to change the cursor "hotspot"' for element SdkTrays/Cursor in overlay 
20:31:12: Texture: sdk_cursor.png: Loading 1 faces(PF_A8R8G8B8,32x32x1) with  hardware generated mipmaps from Image. Internal format is PF_A8R8G8B8,32x32x1.
20:31:12: Texture: sdk_tray.png: Loading 1 faces(PF_A8R8G8B8,64x64x1) with  hardware generated mipmaps from Image. Internal format is PF_A8R8G8B8,64x64x1.
20:31:12: Texture: sdk_button_up.png: Loading 1 faces(PF_A8R8G8B8,128x32x1) with  hardware generated mipmaps from Image. Internal format is PF_A8R8G8B8,128x32x1.
20:31:12: Texture: sdk_text_box.png: Loading 1 faces(PF_A8R8G8B8,32x32x1) with  hardware generated mipmaps from Image. Internal format is PF_A8R8G8B8,32x32x1.
20:31:12: Texture: sdk_mini_tray.png: Loading 1 faces(PF_A8R8G8B8,32x32x1) with  hardware generated mipmaps from Image. Internal format is PF_A8R8G8B8,32x32x1.
20:31:12: Texture: sdk_track.png: Loading 1 faces(PF_A8R8G8B8,16x32x1) with  hardware generated mipmaps from Image. Internal format is PF_A8R8G8B8,16x32x1.
20:31:12: Texture: sdk_handle.png: Loading 1 faces(PF_A8R8G8B8,16x16x1) with  hardware generated mipmaps from Image. Internal format is PF_A8R8G8B8,16x16x1.
20:31:12: Texture: sdk_mini_text_box.png: Loading 1 faces(PF_A8R8G8B8,32x32x1) with  hardware generated mipmaps from Image. Internal format is PF_A8R8G8B8,32x32x1.
20:31:12: Texture: sdk_label.png: Loading 1 faces(PF_A8R8G8B8,32x32x1) with  hardware generated mipmaps from Image. Internal format is PF_A8R8G8B8,32x32x1.
20:31:12: Texture: sdk_separator.png: Loading 1 faces(PF_A8R8G8B8,64x16x1) with  hardware generated mipmaps from Image. Internal format is PF_A8R8G8B8,64x16x1.
20:31:12: Texture: sdk_logo.png: Loading 1 faces(PF_A8R8G8B8,128x64x1) with  hardware generated mipmaps from Image. Internal format is PF_A8R8G8B8,128x64x1.
20:31:12: Texture: sdk_shade.png: Loading 1 faces(PF_A8R8G8B8,64x48x1) with 5 generated mipmaps from Image. Internal format is PF_A8R8G8B8,64x48x1.
20:31:12: Texture: sdk_frame.png: Loading 1 faces(PF_A8R8G8B8,32x32x1) with  hardware generated mipmaps from Image. Internal format is PF_A8R8G8B8,32x32x1.
20:31:12: Texture: sdk_mini_text_box_over.png: Loading 1 faces(PF_A8R8G8B8,32x32x1) with  hardware generated mipmaps from Image. Internal format is PF_A8R8G8B8,32x32x1.
20:31:12: Texture: sdk_pulse.png: Loading 1 faces(PF_R8G8B8,8x1x1) with  hardware generated mipmaps from Image. Internal format is PF_X8R8G8B8,8x1x1.
20:31:12: Finished parsing scripts for resource group Popular
20:31:12: Parsing scripts for resource group Schemes
20:31:12: Finished parsing scripts for resource group Schemes
20:31:12: Texture: healthy.png: Loading 1 faces(PF_A8R8G8B8,125x25x1) with 5 generated mipmaps from Image. Internal format is PF_A8R8G8B8,125x25x1.
20:31:12: Texture: tower1.jpg: Loading 1 faces(PF_R8G8B8,65x65x1) with 5 generated mipmaps from Image. Internal format is PF_X8R8G8B8,65x65x1.
20:31:12: Texture: tower2.jpg: Loading 1 faces(PF_R8G8B8,65x65x1) with 5 generated mipmaps from Image. Internal format is PF_X8R8G8B8,65x65x1.
20:31:12: Texture: snow.jpg: Loading 1 faces(PF_R8G8B8,51x55x1) with 5 generated mipmaps from Image. Internal format is PF_X8R8G8B8,51x55x1.
20:31:12: Texture: hand.jpg: Loading 1 faces(PF_R8G8B8,51x55x1) with 5 generated mipmaps from Image. Internal format is PF_X8R8G8B8,51x55x1.
20:31:12: Texture: money_bag.png: Loading 1 faces(PF_A8R8G8B8,128x128x1) with  hardware generated mipmaps from Image. Internal format is PF_A8R8G8B8,128x128x1.
20:31:12: Texture: gameover.jpg: Loading 1 faces(PF_R8G8B8,1024x768x1) with 5 generated mipmaps from Image. Internal format is PF_X8R8G8B8,1024x768x1.
20:31:12: Texture: gamewin.jpg: Loading 1 faces(PF_R8G8B8,400x323x1) with 5 generated mipmaps from Image. Internal format is PF_X8R8G8B8,400x323x1.
20:31:12: Texture: introduction.jpg: Loading 1 faces(PF_R8G8B8,1024x768x1) with 5 generated mipmaps from Image. Internal format is PF_X8R8G8B8,1024x768x1.
20:31:13: Texture: _cegui_ogre_0: Loading 1 faces(PF_A8B8G8R8,256x256x1) with 0 generated mipmaps from Image. Internal format is PF_A8R8G8B8,256x256x1.
20:31:13: Texture: BackGround.jpg: Loading 1 faces(PF_R8G8B8,780x837x1) with 5 generated mipmaps from Image. Internal format is PF_X8R8G8B8,780x837x1.
20:31:13: Texture: _cegui_ogre_1: Loading 1 faces(PF_A8B8G8R8,256x256x1) with 0 generated mipmaps from Image. Internal format is PF_A8R8G8B8,256x256x1.
20:31:15: DefaultWorkQueue('Root') shutting down on thread 00638860.
20:31:15: DefaultWorkQueue('Root')::WorkerFunc - thread 03AC1750 stopped.
20:31:15: DefaultWorkQueue('Root')::WorkerFunc - thread 03AC1720 stopped.
20:31:15: DefaultWorkQueue('Root')::WorkerFunc - thread 03AC17B0 stopped.
20:31:15: DefaultWorkQueue('Root')::WorkerFunc - thread 03AC1690 stopped.
20:31:15: DefaultWorkQueue('Root')::WorkerFunc - thread 03AC1660 stopped.
20:31:15: DefaultWorkQueue('Root')::WorkerFunc - thread 03AC16F0 stopped.
20:31:15: DefaultWorkQueue('Root')::WorkerFunc - thread 03AC16C0 stopped.
20:31:15: DefaultWorkQueue('Root')::WorkerFunc - thread 03AC1780 stopped.
20:31:15: PCZone Factory Type 'ZoneType_Octree' unregistered
20:31:15: PCZone Factory Type 'ZoneType_Terrain' unregistered
20:31:15: Unregistering ResourceManager for type BspLevel
20:31:15: *-*-* OGRE Shutdown
20:31:15: Unregistering ResourceManager for type Compositor
20:31:15: Unregistering ResourceManager for type Font
20:31:15: Unregistering ResourceManager for type Skeleton
20:31:15: Unregistering ResourceManager for type Mesh
20:31:15: Unregistering ResourceManager for type HighLevelGpuProgram
20:31:15: Uninstalling plugin: Octree & Terrain Scene Manager
20:31:15: Plugin successfully uninstalled
20:31:15: Unloading library .\Plugin_OctreeSceneManager
20:31:15: Uninstalling plugin: Octree Zone Factory
20:31:15: Plugin successfully uninstalled
20:31:15: Unloading library .\Plugin_OctreeZone
20:31:15: Uninstalling plugin: Portal Connected Zone Scene Manager
20:31:15: Plugin successfully uninstalled
20:31:15: Unloading library .\Plugin_PCZSceneManager
20:31:15: Uninstalling plugin: Cg Program Manager
20:31:15: Plugin successfully uninstalled
20:31:15: Unloading library .\Plugin_CgProgramManager
20:31:15: Uninstalling plugin: BSP Scene Manager
20:31:15: Plugin successfully uninstalled
20:31:15: Unloading library .\Plugin_BSPSceneManager
20:31:15: Uninstalling plugin: ParticleFX
20:31:15: Plugin successfully uninstalled
20:31:15: Unloading library .\Plugin_ParticleFX
20:31:15: Uninstalling plugin: GL RenderSystem
20:31:15: *** Stopping Win32GL Subsystem ***
20:31:15: Plugin successfully uninstalled
20:31:15: Unloading library .\RenderSystem_GL
20:31:15: Uninstalling plugin: D3D9 RenderSystem
20:31:15: D3D9 device: 0x[031FB2A0] destroy. Releasing D3D9 texture: _cegui_ogre_0
20:31:15: Released D3D9 texture: _cegui_ogre_0
20:31:15: D3D9 device: 0x[031FB2A0] destroy. Releasing D3D9 texture: RTT
20:31:15: Released D3D9 texture: RTT
20:31:15: D3D9 device: 0x[031FB2A0] destroy. Releasing D3D9 texture: _cegui_ogre_1
20:31:15: Released D3D9 texture: _cegui_ogre_1
20:31:15: D3D9 : Shutting down cleanly.
20:31:15: Unregistering ResourceManager for type Texture
20:31:15: Unregistering ResourceManager for type GpuProgram
20:31:15: D3D9 : Direct3D9 Rendering Subsystem destroyed.
20:31:15: Plugin successfully uninstalled
20:31:15: Unloading library .\RenderSystem_Direct3D9
20:31:15: Unregistering ResourceManager for type Material
